<?xml version="1.0" encoding="UTF-8"?>
<testsuite name="ru.stqa.pft.addressbook.tests.GroupCreationTests" tests="6" skipped="0" failures="0" errors="0" timestamp="2019-07-25T14:15:46" hostname="MSI" time="6.853">
  <properties/>
  <testcase name="testBadGroupCreation" classname="ru.stqa.pft.addressbook.tests.GroupCreationTests" time="1.541"/>
  <testcase name="testGroupCreation[0](GroupData{id='2147483647', name='test 0'})" classname="ru.stqa.pft.addressbook.tests.GroupCreationTests" time="1.155"/>
  <testcase name="testGroupCreation[1](GroupData{id='2147483647', name='test 1'})" classname="ru.stqa.pft.addressbook.tests.GroupCreationTests" time="1.048"/>
  <testcase name="testGroupCreation[2](GroupData{id='2147483647', name='test 2'})" classname="ru.stqa.pft.addressbook.tests.GroupCreationTests" time="1.051"/>
  <testcase name="testGroupCreation[3](GroupData{id='2147483647', name='test 3'})" classname="ru.stqa.pft.addressbook.tests.GroupCreationTests" time="0.97"/>
  <testcase name="testGroupCreation[4](GroupData{id='2147483647', name='test 4'})" classname="ru.stqa.pft.addressbook.tests.GroupCreationTests" time="0.996"/>
  <system-out><![CDATA[17:15:46.471 [Test worker] INFO  r.s.p.a.tests.GroupCreationTests - Start test testBadGroupCreation with parametrs []
Hibernate: select groupdata0_.group_id as group_id1_2_, groupdata0_.group_footer as group_fo2_2_, groupdata0_.group_header as group_he3_2_, groupdata0_.group_name as group_na4_2_ from group_list groupdata0_
Hibernate: select contacts0_.group_id as group_id2_0_0_, contacts0_.id as id1_0_0_, contactdat1_.id as id1_1_1_, contactdat1_.address as address2_1_1_, contactdat1_.email as email3_1_1_, contactdat1_.firstname as firstnam4_1_1_, contactdat1_.home as home5_1_1_, contactdat1_.lastname as lastname6_1_1_, contactdat1_.email2 as email7_1_1_, contactdat1_.mobile as mobile8_1_1_, contactdat1_.email3 as email9_1_1_, contactdat1_.work as work10_1_1_ from address_in_groups contacts0_ inner join addressbook contactdat1_ on contacts0_.id=contactdat1_.id where contacts0_.group_id=?
Hibernate: select contacts0_.group_id as group_id2_0_0_, contacts0_.id as id1_0_0_, contactdat1_.id as id1_1_1_, contactdat1_.address as address2_1_1_, contactdat1_.email as email3_1_1_, contactdat1_.firstname as firstnam4_1_1_, contactdat1_.home as home5_1_1_, contactdat1_.lastname as lastname6_1_1_, contactdat1_.email2 as email7_1_1_, contactdat1_.mobile as mobile8_1_1_, contactdat1_.email3 as email9_1_1_, contactdat1_.work as work10_1_1_ from address_in_groups contacts0_ inner join addressbook contactdat1_ on contacts0_.id=contactdat1_.id where contacts0_.group_id=?
Hibernate: select contacts0_.group_id as group_id2_0_0_, contacts0_.id as id1_0_0_, contactdat1_.id as id1_1_1_, contactdat1_.address as address2_1_1_, contactdat1_.email as email3_1_1_, contactdat1_.firstname as firstnam4_1_1_, contactdat1_.home as home5_1_1_, contactdat1_.lastname as lastname6_1_1_, contactdat1_.email2 as email7_1_1_, contactdat1_.mobile as mobile8_1_1_, contactdat1_.email3 as email9_1_1_, contactdat1_.work as work10_1_1_ from address_in_groups contacts0_ inner join addressbook contactdat1_ on contacts0_.id=contactdat1_.id where contacts0_.group_id=?
Hibernate: select contacts0_.group_id as group_id2_0_0_, contacts0_.id as id1_0_0_, contactdat1_.id as id1_1_1_, contactdat1_.address as address2_1_1_, contactdat1_.email as email3_1_1_, contactdat1_.firstname as firstnam4_1_1_, contactdat1_.home as home5_1_1_, contactdat1_.lastname as lastname6_1_1_, contactdat1_.email2 as email7_1_1_, contactdat1_.mobile as mobile8_1_1_, contactdat1_.email3 as email9_1_1_, contactdat1_.work as work10_1_1_ from address_in_groups contacts0_ inner join addressbook contactdat1_ on contacts0_.id=contactdat1_.id where contacts0_.group_id=?
Hibernate: select contacts0_.group_id as group_id2_0_0_, contacts0_.id as id1_0_0_, contactdat1_.id as id1_1_1_, contactdat1_.address as address2_1_1_, contactdat1_.email as email3_1_1_, contactdat1_.firstname as firstnam4_1_1_, contactdat1_.home as home5_1_1_, contactdat1_.lastname as lastname6_1_1_, contactdat1_.email2 as email7_1_1_, contactdat1_.mobile as mobile8_1_1_, contactdat1_.email3 as email9_1_1_, contactdat1_.work as work10_1_1_ from address_in_groups contacts0_ inner join addressbook contactdat1_ on contacts0_.id=contactdat1_.id where contacts0_.group_id=?
Hibernate: select contacts0_.group_id as group_id2_0_0_, contacts0_.id as id1_0_0_, contactdat1_.id as id1_1_1_, contactdat1_.address as address2_1_1_, contactdat1_.email as email3_1_1_, contactdat1_.firstname as firstnam4_1_1_, contactdat1_.home as home5_1_1_, contactdat1_.lastname as lastname6_1_1_, contactdat1_.email2 as email7_1_1_, contactdat1_.mobile as mobile8_1_1_, contactdat1_.email3 as email9_1_1_, contactdat1_.work as work10_1_1_ from address_in_groups contacts0_ inner join addressbook contactdat1_ on contacts0_.id=contactdat1_.id where contacts0_.group_id=?
Hibernate: select contacts0_.group_id as group_id2_0_0_, contacts0_.id as id1_0_0_, contactdat1_.id as id1_1_1_, contactdat1_.address as address2_1_1_, contactdat1_.email as email3_1_1_, contactdat1_.firstname as firstnam4_1_1_, contactdat1_.home as home5_1_1_, contactdat1_.lastname as lastname6_1_1_, contactdat1_.email2 as email7_1_1_, contactdat1_.mobile as mobile8_1_1_, contactdat1_.email3 as email9_1_1_, contactdat1_.work as work10_1_1_ from address_in_groups contacts0_ inner join addressbook contactdat1_ on contacts0_.id=contactdat1_.id where contacts0_.group_id=?
Hibernate: select contacts0_.group_id as group_id2_0_0_, contacts0_.id as id1_0_0_, contactdat1_.id as id1_1_1_, contactdat1_.address as address2_1_1_, contactdat1_.email as email3_1_1_, contactdat1_.firstname as firstnam4_1_1_, contactdat1_.home as home5_1_1_, contactdat1_.lastname as lastname6_1_1_, contactdat1_.email2 as email7_1_1_, contactdat1_.mobile as mobile8_1_1_, contactdat1_.email3 as email9_1_1_, contactdat1_.work as work10_1_1_ from address_in_groups contacts0_ inner join addressbook contactdat1_ on contacts0_.id=contactdat1_.id where contacts0_.group_id=?
Hibernate: select contacts0_.group_id as group_id2_0_0_, contacts0_.id as id1_0_0_, contactdat1_.id as id1_1_1_, contactdat1_.address as address2_1_1_, contactdat1_.email as email3_1_1_, contactdat1_.firstname as firstnam4_1_1_, contactdat1_.home as home5_1_1_, contactdat1_.lastname as lastname6_1_1_, contactdat1_.email2 as email7_1_1_, contactdat1_.mobile as mobile8_1_1_, contactdat1_.email3 as email9_1_1_, contactdat1_.work as work10_1_1_ from address_in_groups contacts0_ inner join addressbook contactdat1_ on contacts0_.id=contactdat1_.id where contacts0_.group_id=?
Hibernate: select contacts0_.group_id as group_id2_0_0_, contacts0_.id as id1_0_0_, contactdat1_.id as id1_1_1_, contactdat1_.address as address2_1_1_, contactdat1_.email as email3_1_1_, contactdat1_.firstname as firstnam4_1_1_, contactdat1_.home as home5_1_1_, contactdat1_.lastname as lastname6_1_1_, contactdat1_.email2 as email7_1_1_, contactdat1_.mobile as mobile8_1_1_, contactdat1_.email3 as email9_1_1_, contactdat1_.work as work10_1_1_ from address_in_groups contacts0_ inner join addressbook contactdat1_ on contacts0_.id=contactdat1_.id where contacts0_.group_id=?
Hibernate: select contacts0_.group_id as group_id2_0_0_, contacts0_.id as id1_0_0_, contactdat1_.id as id1_1_1_, contactdat1_.address as address2_1_1_, contactdat1_.email as email3_1_1_, contactdat1_.firstname as firstnam4_1_1_, contactdat1_.home as home5_1_1_, contactdat1_.lastname as lastname6_1_1_, contactdat1_.email2 as email7_1_1_, contactdat1_.mobile as mobile8_1_1_, contactdat1_.email3 as email9_1_1_, contactdat1_.work as work10_1_1_ from address_in_groups contacts0_ inner join addressbook contactdat1_ on contacts0_.id=contactdat1_.id where contacts0_.group_id=?
Hibernate: select contacts0_.group_id as group_id2_0_0_, contacts0_.id as id1_0_0_, contactdat1_.id as id1_1_1_, contactdat1_.address as address2_1_1_, contactdat1_.email as email3_1_1_, contactdat1_.firstname as firstnam4_1_1_, contactdat1_.home as home5_1_1_, contactdat1_.lastname as lastname6_1_1_, contactdat1_.email2 as email7_1_1_, contactdat1_.mobile as mobile8_1_1_, contactdat1_.email3 as email9_1_1_, contactdat1_.work as work10_1_1_ from address_in_groups contacts0_ inner join addressbook contactdat1_ on contacts0_.id=contactdat1_.id where contacts0_.group_id=?
Hibernate: select contacts0_.group_id as group_id2_0_0_, contacts0_.id as id1_0_0_, contactdat1_.id as id1_1_1_, contactdat1_.address as address2_1_1_, contactdat1_.email as email3_1_1_, contactdat1_.firstname as firstnam4_1_1_, contactdat1_.home as home5_1_1_, contactdat1_.lastname as lastname6_1_1_, contactdat1_.email2 as email7_1_1_, contactdat1_.mobile as mobile8_1_1_, contactdat1_.email3 as email9_1_1_, contactdat1_.work as work10_1_1_ from address_in_groups contacts0_ inner join addressbook contactdat1_ on contacts0_.id=contactdat1_.id where contacts0_.group_id=?
Hibernate: select contacts0_.group_id as group_id2_0_0_, contacts0_.id as id1_0_0_, contactdat1_.id as id1_1_1_, contactdat1_.address as address2_1_1_, contactdat1_.email as email3_1_1_, contactdat1_.firstname as firstnam4_1_1_, contactdat1_.home as home5_1_1_, contactdat1_.lastname as lastname6_1_1_, contactdat1_.email2 as email7_1_1_, contactdat1_.mobile as mobile8_1_1_, contactdat1_.email3 as email9_1_1_, contactdat1_.work as work10_1_1_ from address_in_groups contacts0_ inner join addressbook contactdat1_ on contacts0_.id=contactdat1_.id where contacts0_.group_id=?
Hibernate: select contacts0_.group_id as group_id2_0_0_, contacts0_.id as id1_0_0_, contactdat1_.id as id1_1_1_, contactdat1_.address as address2_1_1_, contactdat1_.email as email3_1_1_, contactdat1_.firstname as firstnam4_1_1_, contactdat1_.home as home5_1_1_, contactdat1_.lastname as lastname6_1_1_, contactdat1_.email2 as email7_1_1_, contactdat1_.mobile as mobile8_1_1_, contactdat1_.email3 as email9_1_1_, contactdat1_.work as work10_1_1_ from address_in_groups contacts0_ inner join addressbook contactdat1_ on contacts0_.id=contactdat1_.id where contacts0_.group_id=?
Hibernate: select contacts0_.group_id as group_id2_0_0_, contacts0_.id as id1_0_0_, contactdat1_.id as id1_1_1_, contactdat1_.address as address2_1_1_, contactdat1_.email as email3_1_1_, contactdat1_.firstname as firstnam4_1_1_, contactdat1_.home as home5_1_1_, contactdat1_.lastname as lastname6_1_1_, contactdat1_.email2 as email7_1_1_, contactdat1_.mobile as mobile8_1_1_, contactdat1_.email3 as email9_1_1_, contactdat1_.work as work10_1_1_ from address_in_groups contacts0_ inner join addressbook contactdat1_ on contacts0_.id=contactdat1_.id where contacts0_.group_id=?
Hibernate: select contacts0_.group_id as group_id2_0_0_, contacts0_.id as id1_0_0_, contactdat1_.id as id1_1_1_, contactdat1_.address as address2_1_1_, contactdat1_.email as email3_1_1_, contactdat1_.firstname as firstnam4_1_1_, contactdat1_.home as home5_1_1_, contactdat1_.lastname as lastname6_1_1_, contactdat1_.email2 as email7_1_1_, contactdat1_.mobile as mobile8_1_1_, contactdat1_.email3 as email9_1_1_, contactdat1_.work as work10_1_1_ from address_in_groups contacts0_ inner join addressbook contactdat1_ on contacts0_.id=contactdat1_.id where contacts0_.group_id=?
Hibernate: select contacts0_.group_id as group_id2_0_0_, contacts0_.id as id1_0_0_, contactdat1_.id as id1_1_1_, contactdat1_.address as address2_1_1_, contactdat1_.email as email3_1_1_, contactdat1_.firstname as firstnam4_1_1_, contactdat1_.home as home5_1_1_, contactdat1_.lastname as lastname6_1_1_, contactdat1_.email2 as email7_1_1_, contactdat1_.mobile as mobile8_1_1_, contactdat1_.email3 as email9_1_1_, contactdat1_.work as work10_1_1_ from address_in_groups contacts0_ inner join addressbook contactdat1_ on contacts0_.id=contactdat1_.id where contacts0_.group_id=?
Hibernate: select contacts0_.group_id as group_id2_0_0_, contacts0_.id as id1_0_0_, contactdat1_.id as id1_1_1_, contactdat1_.address as address2_1_1_, contactdat1_.email as email3_1_1_, contactdat1_.firstname as firstnam4_1_1_, contactdat1_.home as home5_1_1_, contactdat1_.lastname as lastname6_1_1_, contactdat1_.email2 as email7_1_1_, contactdat1_.mobile as mobile8_1_1_, contactdat1_.email3 as email9_1_1_, contactdat1_.work as work10_1_1_ from address_in_groups contacts0_ inner join addressbook contactdat1_ on contacts0_.id=contactdat1_.id where contacts0_.group_id=?
Hibernate: select contacts0_.group_id as group_id2_0_0_, contacts0_.id as id1_0_0_, contactdat1_.id as id1_1_1_, contactdat1_.address as address2_1_1_, contactdat1_.email as email3_1_1_, contactdat1_.firstname as firstnam4_1_1_, contactdat1_.home as home5_1_1_, contactdat1_.lastname as lastname6_1_1_, contactdat1_.email2 as email7_1_1_, contactdat1_.mobile as mobile8_1_1_, contactdat1_.email3 as email9_1_1_, contactdat1_.work as work10_1_1_ from address_in_groups contacts0_ inner join addressbook contactdat1_ on contacts0_.id=contactdat1_.id where contacts0_.group_id=?
Hibernate: select contacts0_.group_id as group_id2_0_0_, contacts0_.id as id1_0_0_, contactdat1_.id as id1_1_1_, contactdat1_.address as address2_1_1_, contactdat1_.email as email3_1_1_, contactdat1_.firstname as firstnam4_1_1_, contactdat1_.home as home5_1_1_, contactdat1_.lastname as lastname6_1_1_, contactdat1_.email2 as email7_1_1_, contactdat1_.mobile as mobile8_1_1_, contactdat1_.email3 as email9_1_1_, contactdat1_.work as work10_1_1_ from address_in_groups contacts0_ inner join addressbook contactdat1_ on contacts0_.id=contactdat1_.id where contacts0_.group_id=?
Hibernate: select contacts0_.group_id as group_id2_0_0_, contacts0_.id as id1_0_0_, contactdat1_.id as id1_1_1_, contactdat1_.address as address2_1_1_, contactdat1_.email as email3_1_1_, contactdat1_.firstname as firstnam4_1_1_, contactdat1_.home as home5_1_1_, contactdat1_.lastname as lastname6_1_1_, contactdat1_.email2 as email7_1_1_, contactdat1_.mobile as mobile8_1_1_, contactdat1_.email3 as email9_1_1_, contactdat1_.work as work10_1_1_ from address_in_groups contacts0_ inner join addressbook contactdat1_ on contacts0_.id=contactdat1_.id where contacts0_.group_id=?
Hibernate: select contacts0_.group_id as group_id2_0_0_, contacts0_.id as id1_0_0_, contactdat1_.id as id1_1_1_, contactdat1_.address as address2_1_1_, contactdat1_.email as email3_1_1_, contactdat1_.firstname as firstnam4_1_1_, contactdat1_.home as home5_1_1_, contactdat1_.lastname as lastname6_1_1_, contactdat1_.email2 as email7_1_1_, contactdat1_.mobile as mobile8_1_1_, contactdat1_.email3 as email9_1_1_, contactdat1_.work as work10_1_1_ from address_in_groups contacts0_ inner join addressbook contactdat1_ on contacts0_.id=contactdat1_.id where contacts0_.group_id=?
Hibernate: select groups0_.id as id1_0_0_, groups0_.group_id as group_id2_0_0_, groupdata1_.group_id as group_id1_2_1_, groupdata1_.group_footer as group_fo2_2_1_, groupdata1_.group_header as group_he3_2_1_, groupdata1_.group_name as group_na4_2_1_ from address_in_groups groups0_ inner join group_list groupdata1_ on groups0_.group_id=groupdata1_.group_id where groups0_.id=?
Hibernate: select contacts0_.group_id as group_id2_0_0_, contacts0_.id as id1_0_0_, contactdat1_.id as id1_1_1_, contactdat1_.address as address2_1_1_, contactdat1_.email as email3_1_1_, contactdat1_.firstname as firstnam4_1_1_, contactdat1_.home as home5_1_1_, contactdat1_.lastname as lastname6_1_1_, contactdat1_.email2 as email7_1_1_, contactdat1_.mobile as mobile8_1_1_, contactdat1_.email3 as email9_1_1_, contactdat1_.work as work10_1_1_ from address_in_groups contacts0_ inner join addressbook contactdat1_ on contacts0_.id=contactdat1_.id where contacts0_.group_id=?
Hibernate: select contacts0_.group_id as group_id2_0_0_, contacts0_.id as id1_0_0_, contactdat1_.id as id1_1_1_, contactdat1_.address as address2_1_1_, contactdat1_.email as email3_1_1_, contactdat1_.firstname as firstnam4_1_1_, contactdat1_.home as home5_1_1_, contactdat1_.lastname as lastname6_1_1_, contactdat1_.email2 as email7_1_1_, contactdat1_.mobile as mobile8_1_1_, contactdat1_.email3 as email9_1_1_, contactdat1_.work as work10_1_1_ from address_in_groups contacts0_ inner join addressbook contactdat1_ on contacts0_.id=contactdat1_.id where contacts0_.group_id=?
Hibernate: select contacts0_.group_id as group_id2_0_0_, contacts0_.id as id1_0_0_, contactdat1_.id as id1_1_1_, contactdat1_.address as address2_1_1_, contactdat1_.email as email3_1_1_, contactdat1_.firstname as firstnam4_1_1_, contactdat1_.home as home5_1_1_, contactdat1_.lastname as lastname6_1_1_, contactdat1_.email2 as email7_1_1_, contactdat1_.mobile as mobile8_1_1_, contactdat1_.email3 as email9_1_1_, contactdat1_.work as work10_1_1_ from address_in_groups contacts0_ inner join addressbook contactdat1_ on contacts0_.id=contactdat1_.id where contacts0_.group_id=?
Hibernate: select contacts0_.group_id as group_id2_0_0_, contacts0_.id as id1_0_0_, contactdat1_.id as id1_1_1_, contactdat1_.address as address2_1_1_, contactdat1_.email as email3_1_1_, contactdat1_.firstname as firstnam4_1_1_, contactdat1_.home as home5_1_1_, contactdat1_.lastname as lastname6_1_1_, contactdat1_.email2 as email7_1_1_, contactdat1_.mobile as mobile8_1_1_, contactdat1_.email3 as email9_1_1_, contactdat1_.work as work10_1_1_ from address_in_groups contacts0_ inner join addressbook contactdat1_ on contacts0_.id=contactdat1_.id where contacts0_.group_id=?
Hibernate: select contacts0_.group_id as group_id2_0_0_, contacts0_.id as id1_0_0_, contactdat1_.id as id1_1_1_, contactdat1_.address as address2_1_1_, contactdat1_.email as email3_1_1_, contactdat1_.firstname as firstnam4_1_1_, contactdat1_.home as home5_1_1_, contactdat1_.lastname as lastname6_1_1_, contactdat1_.email2 as email7_1_1_, contactdat1_.mobile as mobile8_1_1_, contactdat1_.email3 as email9_1_1_, contactdat1_.work as work10_1_1_ from address_in_groups contacts0_ inner join addressbook contactdat1_ on contacts0_.id=contactdat1_.id where contacts0_.group_id=?
Hibernate: select contacts0_.group_id as group_id2_0_0_, contacts0_.id as id1_0_0_, contactdat1_.id as id1_1_1_, contactdat1_.address as address2_1_1_, contactdat1_.email as email3_1_1_, contactdat1_.firstname as firstnam4_1_1_, contactdat1_.home as home5_1_1_, contactdat1_.lastname as lastname6_1_1_, contactdat1_.email2 as email7_1_1_, contactdat1_.mobile as mobile8_1_1_, contactdat1_.email3 as email9_1_1_, contactdat1_.work as work10_1_1_ from address_in_groups contacts0_ inner join addressbook contactdat1_ on contacts0_.id=contactdat1_.id where contacts0_.group_id=?
Hibernate: select contacts0_.group_id as group_id2_0_0_, contacts0_.id as id1_0_0_, contactdat1_.id as id1_1_1_, contactdat1_.address as address2_1_1_, contactdat1_.email as email3_1_1_, contactdat1_.firstname as firstnam4_1_1_, contactdat1_.home as home5_1_1_, contactdat1_.lastname as lastname6_1_1_, contactdat1_.email2 as email7_1_1_, contactdat1_.mobile as mobile8_1_1_, contactdat1_.email3 as email9_1_1_, contactdat1_.work as work10_1_1_ from address_in_groups contacts0_ inner join addressbook contactdat1_ on contacts0_.id=contactdat1_.id where contacts0_.group_id=?
Hibernate: select contacts0_.group_id as group_id2_0_0_, contacts0_.id as id1_0_0_, contactdat1_.id as id1_1_1_, contactdat1_.address as address2_1_1_, contactdat1_.email as email3_1_1_, contactdat1_.firstname as firstnam4_1_1_, contactdat1_.home as home5_1_1_, contactdat1_.lastname as lastname6_1_1_, contactdat1_.email2 as email7_1_1_, contactdat1_.mobile as mobile8_1_1_, contactdat1_.email3 as email9_1_1_, contactdat1_.work as work10_1_1_ from address_in_groups contacts0_ inner join addressbook contactdat1_ on contacts0_.id=contactdat1_.id where contacts0_.group_id=?
Hibernate: select groups0_.id as id1_0_0_, groups0_.group_id as group_id2_0_0_, groupdata1_.group_id as group_id1_2_1_, groupdata1_.group_footer as group_fo2_2_1_, groupdata1_.group_header as group_he3_2_1_, groupdata1_.group_name as group_na4_2_1_ from address_in_groups groups0_ inner join group_list groupdata1_ on groups0_.group_id=groupdata1_.group_id where groups0_.id=?
GroupData{id='222', name='test 3'}
GroupData{id='223', name='test 4'}
GroupData{id='225', name='test1'}
GroupData{id='226', name='test1'}
GroupData{id='227', name='test1'}
GroupData{id='228', name='test1'}
GroupData{id='229', name='test 0'}
GroupData{id='230', name='test 1'}
GroupData{id='231', name='test1'}
GroupData{id='232', name='test 3'}
GroupData{id='235', name='test1'}
GroupData{id='236', name='test 2'}
GroupData{id='237', name='test 3'}
GroupData{id='238', name='test 4'}
GroupData{id='239', name='test1'}
GroupData{id='241', name='test1'}
GroupData{id='243', name='test1'}
GroupData{id='244', name='test 0'}
GroupData{id='245', name='test 1'}
GroupData{id='246', name='test 2'}
GroupData{id='247', name='test 3'}
GroupData{id='248', name='test 4'}
GroupData{id='249', name='test 0'}
GroupData{id='250', name='test 1'}
GroupData{id='251', name='test 2'}
GroupData{id='252', name='test 3'}
GroupData{id='253', name='test 4'}
GroupData{id='254', name='test1'}
GroupData{id='255', name='test 1'}
GroupData{id='256', name='test 2'}
GroupData{id='257', name='test 3'}
Hibernate: select groupdata0_.group_id as group_id1_2_, groupdata0_.group_footer as group_fo2_2_, groupdata0_.group_header as group_he3_2_, groupdata0_.group_name as group_na4_2_ from group_list groupdata0_
Hibernate: select contacts0_.group_id as group_id2_0_0_, contacts0_.id as id1_0_0_, contactdat1_.id as id1_1_1_, contactdat1_.address as address2_1_1_, contactdat1_.email as email3_1_1_, contactdat1_.firstname as firstnam4_1_1_, contactdat1_.home as home5_1_1_, contactdat1_.lastname as lastname6_1_1_, contactdat1_.email2 as email7_1_1_, contactdat1_.mobile as mobile8_1_1_, contactdat1_.email3 as email9_1_1_, contactdat1_.work as work10_1_1_ from address_in_groups contacts0_ inner join addressbook contactdat1_ on contacts0_.id=contactdat1_.id where contacts0_.group_id=?
Hibernate: select contacts0_.group_id as group_id2_0_0_, contacts0_.id as id1_0_0_, contactdat1_.id as id1_1_1_, contactdat1_.address as address2_1_1_, contactdat1_.email as email3_1_1_, contactdat1_.firstname as firstnam4_1_1_, contactdat1_.home as home5_1_1_, contactdat1_.lastname as lastname6_1_1_, contactdat1_.email2 as email7_1_1_, contactdat1_.mobile as mobile8_1_1_, contactdat1_.email3 as email9_1_1_, contactdat1_.work as work10_1_1_ from address_in_groups contacts0_ inner join addressbook contactdat1_ on contacts0_.id=contactdat1_.id where contacts0_.group_id=?
Hibernate: select contacts0_.group_id as group_id2_0_0_, contacts0_.id as id1_0_0_, contactdat1_.id as id1_1_1_, contactdat1_.address as address2_1_1_, contactdat1_.email as email3_1_1_, contactdat1_.firstname as firstnam4_1_1_, contactdat1_.home as home5_1_1_, contactdat1_.lastname as lastname6_1_1_, contactdat1_.email2 as email7_1_1_, contactdat1_.mobile as mobile8_1_1_, contactdat1_.email3 as email9_1_1_, contactdat1_.work as work10_1_1_ from address_in_groups contacts0_ inner join addressbook contactdat1_ on contacts0_.id=contactdat1_.id where contacts0_.group_id=?
Hibernate: select contacts0_.group_id as group_id2_0_0_, contacts0_.id as id1_0_0_, contactdat1_.id as id1_1_1_, contactdat1_.address as address2_1_1_, contactdat1_.email as email3_1_1_, contactdat1_.firstname as firstnam4_1_1_, contactdat1_.home as home5_1_1_, contactdat1_.lastname as lastname6_1_1_, contactdat1_.email2 as email7_1_1_, contactdat1_.mobile as mobile8_1_1_, contactdat1_.email3 as email9_1_1_, contactdat1_.work as work10_1_1_ from address_in_groups contacts0_ inner join addressbook contactdat1_ on contacts0_.id=contactdat1_.id where contacts0_.group_id=?
Hibernate: select contacts0_.group_id as group_id2_0_0_, contacts0_.id as id1_0_0_, contactdat1_.id as id1_1_1_, contactdat1_.address as address2_1_1_, contactdat1_.email as email3_1_1_, contactdat1_.firstname as firstnam4_1_1_, contactdat1_.home as home5_1_1_, contactdat1_.lastname as lastname6_1_1_, contactdat1_.email2 as email7_1_1_, contactdat1_.mobile as mobile8_1_1_, contactdat1_.email3 as email9_1_1_, contactdat1_.work as work10_1_1_ from address_in_groups contacts0_ inner join addressbook contactdat1_ on contacts0_.id=contactdat1_.id where contacts0_.group_id=?
Hibernate: select contacts0_.group_id as group_id2_0_0_, contacts0_.id as id1_0_0_, contactdat1_.id as id1_1_1_, contactdat1_.address as address2_1_1_, contactdat1_.email as email3_1_1_, contactdat1_.firstname as firstnam4_1_1_, contactdat1_.home as home5_1_1_, contactdat1_.lastname as lastname6_1_1_, contactdat1_.email2 as email7_1_1_, contactdat1_.mobile as mobile8_1_1_, contactdat1_.email3 as email9_1_1_, contactdat1_.work as work10_1_1_ from address_in_groups contacts0_ inner join addressbook contactdat1_ on contacts0_.id=contactdat1_.id where contacts0_.group_id=?
Hibernate: select contacts0_.group_id as group_id2_0_0_, contacts0_.id as id1_0_0_, contactdat1_.id as id1_1_1_, contactdat1_.address as address2_1_1_, contactdat1_.email as email3_1_1_, contactdat1_.firstname as firstnam4_1_1_, contactdat1_.home as home5_1_1_, contactdat1_.lastname as lastname6_1_1_, contactdat1_.email2 as email7_1_1_, contactdat1_.mobile as mobile8_1_1_, contactdat1_.email3 as email9_1_1_, contactdat1_.work as work10_1_1_ from address_in_groups contacts0_ inner join addressbook contactdat1_ on contacts0_.id=contactdat1_.id where contacts0_.group_id=?
Hibernate: select contacts0_.group_id as group_id2_0_0_, contacts0_.id as id1_0_0_, contactdat1_.id as id1_1_1_, contactdat1_.address as address2_1_1_, contactdat1_.email as email3_1_1_, contactdat1_.firstname as firstnam4_1_1_, contactdat1_.home as home5_1_1_, contactdat1_.lastname as lastname6_1_1_, contactdat1_.email2 as email7_1_1_, contactdat1_.mobile as mobile8_1_1_, contactdat1_.email3 as email9_1_1_, contactdat1_.work as work10_1_1_ from address_in_groups contacts0_ inner join addressbook contactdat1_ on contacts0_.id=contactdat1_.id where contacts0_.group_id=?
Hibernate: select contacts0_.group_id as group_id2_0_0_, contacts0_.id as id1_0_0_, contactdat1_.id as id1_1_1_, contactdat1_.address as address2_1_1_, contactdat1_.email as email3_1_1_, contactdat1_.firstname as firstnam4_1_1_, contactdat1_.home as home5_1_1_, contactdat1_.lastname as lastname6_1_1_, contactdat1_.email2 as email7_1_1_, contactdat1_.mobile as mobile8_1_1_, contactdat1_.email3 as email9_1_1_, contactdat1_.work as work10_1_1_ from address_in_groups contacts0_ inner join addressbook contactdat1_ on contacts0_.id=contactdat1_.id where contacts0_.group_id=?
Hibernate: select contacts0_.group_id as group_id2_0_0_, contacts0_.id as id1_0_0_, contactdat1_.id as id1_1_1_, contactdat1_.address as address2_1_1_, contactdat1_.email as email3_1_1_, contactdat1_.firstname as firstnam4_1_1_, contactdat1_.home as home5_1_1_, contactdat1_.lastname as lastname6_1_1_, contactdat1_.email2 as email7_1_1_, contactdat1_.mobile as mobile8_1_1_, contactdat1_.email3 as email9_1_1_, contactdat1_.work as work10_1_1_ from address_in_groups contacts0_ inner join addressbook contactdat1_ on contacts0_.id=contactdat1_.id where contacts0_.group_id=?
Hibernate: select contacts0_.group_id as group_id2_0_0_, contacts0_.id as id1_0_0_, contactdat1_.id as id1_1_1_, contactdat1_.address as address2_1_1_, contactdat1_.email as email3_1_1_, contactdat1_.firstname as firstnam4_1_1_, contactdat1_.home as home5_1_1_, contactdat1_.lastname as lastname6_1_1_, contactdat1_.email2 as email7_1_1_, contactdat1_.mobile as mobile8_1_1_, contactdat1_.email3 as email9_1_1_, contactdat1_.work as work10_1_1_ from address_in_groups contacts0_ inner join addressbook contactdat1_ on contacts0_.id=contactdat1_.id where contacts0_.group_id=?
Hibernate: select contacts0_.group_id as group_id2_0_0_, contacts0_.id as id1_0_0_, contactdat1_.id as id1_1_1_, contactdat1_.address as address2_1_1_, contactdat1_.email as email3_1_1_, contactdat1_.firstname as firstnam4_1_1_, contactdat1_.home as home5_1_1_, contactdat1_.lastname as lastname6_1_1_, contactdat1_.email2 as email7_1_1_, contactdat1_.mobile as mobile8_1_1_, contactdat1_.email3 as email9_1_1_, contactdat1_.work as work10_1_1_ from address_in_groups contacts0_ inner join addressbook contactdat1_ on contacts0_.id=contactdat1_.id where contacts0_.group_id=?
Hibernate: select contacts0_.group_id as group_id2_0_0_, contacts0_.id as id1_0_0_, contactdat1_.id as id1_1_1_, contactdat1_.address as address2_1_1_, contactdat1_.email as email3_1_1_, contactdat1_.firstname as firstnam4_1_1_, contactdat1_.home as home5_1_1_, contactdat1_.lastname as lastname6_1_1_, contactdat1_.email2 as email7_1_1_, contactdat1_.mobile as mobile8_1_1_, contactdat1_.email3 as email9_1_1_, contactdat1_.work as work10_1_1_ from address_in_groups contacts0_ inner join addressbook contactdat1_ on contacts0_.id=contactdat1_.id where contacts0_.group_id=?
Hibernate: select contacts0_.group_id as group_id2_0_0_, contacts0_.id as id1_0_0_, contactdat1_.id as id1_1_1_, contactdat1_.address as address2_1_1_, contactdat1_.email as email3_1_1_, contactdat1_.firstname as firstnam4_1_1_, contactdat1_.home as home5_1_1_, contactdat1_.lastname as lastname6_1_1_, contactdat1_.email2 as email7_1_1_, contactdat1_.mobile as mobile8_1_1_, contactdat1_.email3 as email9_1_1_, contactdat1_.work as work10_1_1_ from address_in_groups contacts0_ inner join addressbook contactdat1_ on contacts0_.id=contactdat1_.id where contacts0_.group_id=?
Hibernate: select contacts0_.group_id as group_id2_0_0_, contacts0_.id as id1_0_0_, contactdat1_.id as id1_1_1_, contactdat1_.address as address2_1_1_, contactdat1_.email as email3_1_1_, contactdat1_.firstname as firstnam4_1_1_, contactdat1_.home as home5_1_1_, contactdat1_.lastname as lastname6_1_1_, contactdat1_.email2 as email7_1_1_, contactdat1_.mobile as mobile8_1_1_, contactdat1_.email3 as email9_1_1_, contactdat1_.work as work10_1_1_ from address_in_groups contacts0_ inner join addressbook contactdat1_ on contacts0_.id=contactdat1_.id where contacts0_.group_id=?
Hibernate: select contacts0_.group_id as group_id2_0_0_, contacts0_.id as id1_0_0_, contactdat1_.id as id1_1_1_, contactdat1_.address as address2_1_1_, contactdat1_.email as email3_1_1_, contactdat1_.firstname as firstnam4_1_1_, contactdat1_.home as home5_1_1_, contactdat1_.lastname as lastname6_1_1_, contactdat1_.email2 as email7_1_1_, contactdat1_.mobile as mobile8_1_1_, contactdat1_.email3 as email9_1_1_, contactdat1_.work as work10_1_1_ from address_in_groups contacts0_ inner join addressbook contactdat1_ on contacts0_.id=contactdat1_.id where contacts0_.group_id=?
Hibernate: select contacts0_.group_id as group_id2_0_0_, contacts0_.id as id1_0_0_, contactdat1_.id as id1_1_1_, contactdat1_.address as address2_1_1_, contactdat1_.email as email3_1_1_, contactdat1_.firstname as firstnam4_1_1_, contactdat1_.home as home5_1_1_, contactdat1_.lastname as lastname6_1_1_, contactdat1_.email2 as email7_1_1_, contactdat1_.mobile as mobile8_1_1_, contactdat1_.email3 as email9_1_1_, contactdat1_.work as work10_1_1_ from address_in_groups contacts0_ inner join addressbook contactdat1_ on contacts0_.id=contactdat1_.id where contacts0_.group_id=?
Hibernate: select contacts0_.group_id as group_id2_0_0_, contacts0_.id as id1_0_0_, contactdat1_.id as id1_1_1_, contactdat1_.address as address2_1_1_, contactdat1_.email as email3_1_1_, contactdat1_.firstname as firstnam4_1_1_, contactdat1_.home as home5_1_1_, contactdat1_.lastname as lastname6_1_1_, contactdat1_.email2 as email7_1_1_, contactdat1_.mobile as mobile8_1_1_, contactdat1_.email3 as email9_1_1_, contactdat1_.work as work10_1_1_ from address_in_groups contacts0_ inner join addressbook contactdat1_ on contacts0_.id=contactdat1_.id where contacts0_.group_id=?
Hibernate: select contacts0_.group_id as group_id2_0_0_, contacts0_.id as id1_0_0_, contactdat1_.id as id1_1_1_, contactdat1_.address as address2_1_1_, contactdat1_.email as email3_1_1_, contactdat1_.firstname as firstnam4_1_1_, contactdat1_.home as home5_1_1_, contactdat1_.lastname as lastname6_1_1_, contactdat1_.email2 as email7_1_1_, contactdat1_.mobile as mobile8_1_1_, contactdat1_.email3 as email9_1_1_, contactdat1_.work as work10_1_1_ from address_in_groups contacts0_ inner join addressbook contactdat1_ on contacts0_.id=contactdat1_.id where contacts0_.group_id=?
Hibernate: select contacts0_.group_id as group_id2_0_0_, contacts0_.id as id1_0_0_, contactdat1_.id as id1_1_1_, contactdat1_.address as address2_1_1_, contactdat1_.email as email3_1_1_, contactdat1_.firstname as firstnam4_1_1_, contactdat1_.home as home5_1_1_, contactdat1_.lastname as lastname6_1_1_, contactdat1_.email2 as email7_1_1_, contactdat1_.mobile as mobile8_1_1_, contactdat1_.email3 as email9_1_1_, contactdat1_.work as work10_1_1_ from address_in_groups contacts0_ inner join addressbook contactdat1_ on contacts0_.id=contactdat1_.id where contacts0_.group_id=?
Hibernate: select contacts0_.group_id as group_id2_0_0_, contacts0_.id as id1_0_0_, contactdat1_.id as id1_1_1_, contactdat1_.address as address2_1_1_, contactdat1_.email as email3_1_1_, contactdat1_.firstname as firstnam4_1_1_, contactdat1_.home as home5_1_1_, contactdat1_.lastname as lastname6_1_1_, contactdat1_.email2 as email7_1_1_, contactdat1_.mobile as mobile8_1_1_, contactdat1_.email3 as email9_1_1_, contactdat1_.work as work10_1_1_ from address_in_groups contacts0_ inner join addressbook contactdat1_ on contacts0_.id=contactdat1_.id where contacts0_.group_id=?
Hibernate: select contacts0_.group_id as group_id2_0_0_, contacts0_.id as id1_0_0_, contactdat1_.id as id1_1_1_, contactdat1_.address as address2_1_1_, contactdat1_.email as email3_1_1_, contactdat1_.firstname as firstnam4_1_1_, contactdat1_.home as home5_1_1_, contactdat1_.lastname as lastname6_1_1_, contactdat1_.email2 as email7_1_1_, contactdat1_.mobile as mobile8_1_1_, contactdat1_.email3 as email9_1_1_, contactdat1_.work as work10_1_1_ from address_in_groups contacts0_ inner join addressbook contactdat1_ on contacts0_.id=contactdat1_.id where contacts0_.group_id=?
Hibernate: select contacts0_.group_id as group_id2_0_0_, contacts0_.id as id1_0_0_, contactdat1_.id as id1_1_1_, contactdat1_.address as address2_1_1_, contactdat1_.email as email3_1_1_, contactdat1_.firstname as firstnam4_1_1_, contactdat1_.home as home5_1_1_, contactdat1_.lastname as lastname6_1_1_, contactdat1_.email2 as email7_1_1_, contactdat1_.mobile as mobile8_1_1_, contactdat1_.email3 as email9_1_1_, contactdat1_.work as work10_1_1_ from address_in_groups contacts0_ inner join addressbook contactdat1_ on contacts0_.id=contactdat1_.id where contacts0_.group_id=?
Hibernate: select groups0_.id as id1_0_0_, groups0_.group_id as group_id2_0_0_, groupdata1_.group_id as group_id1_2_1_, groupdata1_.group_footer as group_fo2_2_1_, groupdata1_.group_header as group_he3_2_1_, groupdata1_.group_name as group_na4_2_1_ from address_in_groups groups0_ inner join group_list groupdata1_ on groups0_.group_id=groupdata1_.group_id where groups0_.id=?
Hibernate: select contacts0_.group_id as group_id2_0_0_, contacts0_.id as id1_0_0_, contactdat1_.id as id1_1_1_, contactdat1_.address as address2_1_1_, contactdat1_.email as email3_1_1_, contactdat1_.firstname as firstnam4_1_1_, contactdat1_.home as home5_1_1_, contactdat1_.lastname as lastname6_1_1_, contactdat1_.email2 as email7_1_1_, contactdat1_.mobile as mobile8_1_1_, contactdat1_.email3 as email9_1_1_, contactdat1_.work as work10_1_1_ from address_in_groups contacts0_ inner join addressbook contactdat1_ on contacts0_.id=contactdat1_.id where contacts0_.group_id=?
Hibernate: select contacts0_.group_id as group_id2_0_0_, contacts0_.id as id1_0_0_, contactdat1_.id as id1_1_1_, contactdat1_.address as address2_1_1_, contactdat1_.email as email3_1_1_, contactdat1_.firstname as firstnam4_1_1_, contactdat1_.home as home5_1_1_, contactdat1_.lastname as lastname6_1_1_, contactdat1_.email2 as email7_1_1_, contactdat1_.mobile as mobile8_1_1_, contactdat1_.email3 as email9_1_1_, contactdat1_.work as work10_1_1_ from address_in_groups contacts0_ inner join addressbook contactdat1_ on contacts0_.id=contactdat1_.id where contacts0_.group_id=?
Hibernate: select contacts0_.group_id as group_id2_0_0_, contacts0_.id as id1_0_0_, contactdat1_.id as id1_1_1_, contactdat1_.address as address2_1_1_, contactdat1_.email as email3_1_1_, contactdat1_.firstname as firstnam4_1_1_, contactdat1_.home as home5_1_1_, contactdat1_.lastname as lastname6_1_1_, contactdat1_.email2 as email7_1_1_, contactdat1_.mobile as mobile8_1_1_, contactdat1_.email3 as email9_1_1_, contactdat1_.work as work10_1_1_ from address_in_groups contacts0_ inner join addressbook contactdat1_ on contacts0_.id=contactdat1_.id where contacts0_.group_id=?
Hibernate: select contacts0_.group_id as group_id2_0_0_, contacts0_.id as id1_0_0_, contactdat1_.id as id1_1_1_, contactdat1_.address as address2_1_1_, contactdat1_.email as email3_1_1_, contactdat1_.firstname as firstnam4_1_1_, contactdat1_.home as home5_1_1_, contactdat1_.lastname as lastname6_1_1_, contactdat1_.email2 as email7_1_1_, contactdat1_.mobile as mobile8_1_1_, contactdat1_.email3 as email9_1_1_, contactdat1_.work as work10_1_1_ from address_in_groups contacts0_ inner join addressbook contactdat1_ on contacts0_.id=contactdat1_.id where contacts0_.group_id=?
Hibernate: select contacts0_.group_id as group_id2_0_0_, contacts0_.id as id1_0_0_, contactdat1_.id as id1_1_1_, contactdat1_.address as address2_1_1_, contactdat1_.email as email3_1_1_, contactdat1_.firstname as firstnam4_1_1_, contactdat1_.home as home5_1_1_, contactdat1_.lastname as lastname6_1_1_, contactdat1_.email2 as email7_1_1_, contactdat1_.mobile as mobile8_1_1_, contactdat1_.email3 as email9_1_1_, contactdat1_.work as work10_1_1_ from address_in_groups contacts0_ inner join addressbook contactdat1_ on contacts0_.id=contactdat1_.id where contacts0_.group_id=?
Hibernate: select contacts0_.group_id as group_id2_0_0_, contacts0_.id as id1_0_0_, contactdat1_.id as id1_1_1_, contactdat1_.address as address2_1_1_, contactdat1_.email as email3_1_1_, contactdat1_.firstname as firstnam4_1_1_, contactdat1_.home as home5_1_1_, contactdat1_.lastname as lastname6_1_1_, contactdat1_.email2 as email7_1_1_, contactdat1_.mobile as mobile8_1_1_, contactdat1_.email3 as email9_1_1_, contactdat1_.work as work10_1_1_ from address_in_groups contacts0_ inner join addressbook contactdat1_ on contacts0_.id=contactdat1_.id where contacts0_.group_id=?
Hibernate: select contacts0_.group_id as group_id2_0_0_, contacts0_.id as id1_0_0_, contactdat1_.id as id1_1_1_, contactdat1_.address as address2_1_1_, contactdat1_.email as email3_1_1_, contactdat1_.firstname as firstnam4_1_1_, contactdat1_.home as home5_1_1_, contactdat1_.lastname as lastname6_1_1_, contactdat1_.email2 as email7_1_1_, contactdat1_.mobile as mobile8_1_1_, contactdat1_.email3 as email9_1_1_, contactdat1_.work as work10_1_1_ from address_in_groups contacts0_ inner join addressbook contactdat1_ on contacts0_.id=contactdat1_.id where contacts0_.group_id=?
Hibernate: select contacts0_.group_id as group_id2_0_0_, contacts0_.id as id1_0_0_, contactdat1_.id as id1_1_1_, contactdat1_.address as address2_1_1_, contactdat1_.email as email3_1_1_, contactdat1_.firstname as firstnam4_1_1_, contactdat1_.home as home5_1_1_, contactdat1_.lastname as lastname6_1_1_, contactdat1_.email2 as email7_1_1_, contactdat1_.mobile as mobile8_1_1_, contactdat1_.email3 as email9_1_1_, contactdat1_.work as work10_1_1_ from address_in_groups contacts0_ inner join addressbook contactdat1_ on contacts0_.id=contactdat1_.id where contacts0_.group_id=?
Hibernate: select groups0_.id as id1_0_0_, groups0_.group_id as group_id2_0_0_, groupdata1_.group_id as group_id1_2_1_, groupdata1_.group_footer as group_fo2_2_1_, groupdata1_.group_header as group_he3_2_1_, groupdata1_.group_name as group_na4_2_1_ from address_in_groups groups0_ inner join group_list groupdata1_ on groups0_.group_id=groupdata1_.group_id where groups0_.id=?
GroupData{id='222', name='test 3'}
GroupData{id='223', name='test 4'}
GroupData{id='225', name='test1'}
GroupData{id='226', name='test1'}
GroupData{id='227', name='test1'}
GroupData{id='228', name='test1'}
GroupData{id='229', name='test 0'}
GroupData{id='230', name='test 1'}
GroupData{id='231', name='test1'}
GroupData{id='232', name='test 3'}
GroupData{id='235', name='test1'}
GroupData{id='236', name='test 2'}
GroupData{id='237', name='test 3'}
GroupData{id='238', name='test 4'}
GroupData{id='239', name='test1'}
GroupData{id='241', name='test1'}
GroupData{id='243', name='test1'}
GroupData{id='244', name='test 0'}
GroupData{id='245', name='test 1'}
GroupData{id='246', name='test 2'}
GroupData{id='247', name='test 3'}
GroupData{id='248', name='test 4'}
GroupData{id='249', name='test 0'}
GroupData{id='250', name='test 1'}
GroupData{id='251', name='test 2'}
GroupData{id='252', name='test 3'}
GroupData{id='253', name='test 4'}
GroupData{id='254', name='test1'}
GroupData{id='255', name='test 1'}
GroupData{id='256', name='test 2'}
GroupData{id='257', name='test 3'}
17:15:48.015 [Test worker] INFO  r.s.p.a.tests.GroupCreationTests - Stop test testBadGroupCreation with parametrs []
17:15:48.101 [Test worker] INFO  r.s.p.a.tests.GroupCreationTests - Start test testGroupCreation with parametrs [GroupData{id='2147483647', name='test 0'}]
Hibernate: select groupdata0_.group_id as group_id1_2_, groupdata0_.group_footer as group_fo2_2_, groupdata0_.group_header as group_he3_2_, groupdata0_.group_name as group_na4_2_ from group_list groupdata0_
Hibernate: select contacts0_.group_id as group_id2_0_0_, contacts0_.id as id1_0_0_, contactdat1_.id as id1_1_1_, contactdat1_.address as address2_1_1_, contactdat1_.email as email3_1_1_, contactdat1_.firstname as firstnam4_1_1_, contactdat1_.home as home5_1_1_, contactdat1_.lastname as lastname6_1_1_, contactdat1_.email2 as email7_1_1_, contactdat1_.mobile as mobile8_1_1_, contactdat1_.email3 as email9_1_1_, contactdat1_.work as work10_1_1_ from address_in_groups contacts0_ inner join addressbook contactdat1_ on contacts0_.id=contactdat1_.id where contacts0_.group_id=?
Hibernate: select contacts0_.group_id as group_id2_0_0_, contacts0_.id as id1_0_0_, contactdat1_.id as id1_1_1_, contactdat1_.address as address2_1_1_, contactdat1_.email as email3_1_1_, contactdat1_.firstname as firstnam4_1_1_, contactdat1_.home as home5_1_1_, contactdat1_.lastname as lastname6_1_1_, contactdat1_.email2 as email7_1_1_, contactdat1_.mobile as mobile8_1_1_, contactdat1_.email3 as email9_1_1_, contactdat1_.work as work10_1_1_ from address_in_groups contacts0_ inner join addressbook contactdat1_ on contacts0_.id=contactdat1_.id where contacts0_.group_id=?
Hibernate: select contacts0_.group_id as group_id2_0_0_, contacts0_.id as id1_0_0_, contactdat1_.id as id1_1_1_, contactdat1_.address as address2_1_1_, contactdat1_.email as email3_1_1_, contactdat1_.firstname as firstnam4_1_1_, contactdat1_.home as home5_1_1_, contactdat1_.lastname as lastname6_1_1_, contactdat1_.email2 as email7_1_1_, contactdat1_.mobile as mobile8_1_1_, contactdat1_.email3 as email9_1_1_, contactdat1_.work as work10_1_1_ from address_in_groups contacts0_ inner join addressbook contactdat1_ on contacts0_.id=contactdat1_.id where contacts0_.group_id=?
Hibernate: select contacts0_.group_id as group_id2_0_0_, contacts0_.id as id1_0_0_, contactdat1_.id as id1_1_1_, contactdat1_.address as address2_1_1_, contactdat1_.email as email3_1_1_, contactdat1_.firstname as firstnam4_1_1_, contactdat1_.home as home5_1_1_, contactdat1_.lastname as lastname6_1_1_, contactdat1_.email2 as email7_1_1_, contactdat1_.mobile as mobile8_1_1_, contactdat1_.email3 as email9_1_1_, contactdat1_.work as work10_1_1_ from address_in_groups contacts0_ inner join addressbook contactdat1_ on contacts0_.id=contactdat1_.id where contacts0_.group_id=?
Hibernate: select contacts0_.group_id as group_id2_0_0_, contacts0_.id as id1_0_0_, contactdat1_.id as id1_1_1_, contactdat1_.address as address2_1_1_, contactdat1_.email as email3_1_1_, contactdat1_.firstname as firstnam4_1_1_, contactdat1_.home as home5_1_1_, contactdat1_.lastname as lastname6_1_1_, contactdat1_.email2 as email7_1_1_, contactdat1_.mobile as mobile8_1_1_, contactdat1_.email3 as email9_1_1_, contactdat1_.work as work10_1_1_ from address_in_groups contacts0_ inner join addressbook contactdat1_ on contacts0_.id=contactdat1_.id where contacts0_.group_id=?
Hibernate: select contacts0_.group_id as group_id2_0_0_, contacts0_.id as id1_0_0_, contactdat1_.id as id1_1_1_, contactdat1_.address as address2_1_1_, contactdat1_.email as email3_1_1_, contactdat1_.firstname as firstnam4_1_1_, contactdat1_.home as home5_1_1_, contactdat1_.lastname as lastname6_1_1_, contactdat1_.email2 as email7_1_1_, contactdat1_.mobile as mobile8_1_1_, contactdat1_.email3 as email9_1_1_, contactdat1_.work as work10_1_1_ from address_in_groups contacts0_ inner join addressbook contactdat1_ on contacts0_.id=contactdat1_.id where contacts0_.group_id=?
Hibernate: select contacts0_.group_id as group_id2_0_0_, contacts0_.id as id1_0_0_, contactdat1_.id as id1_1_1_, contactdat1_.address as address2_1_1_, contactdat1_.email as email3_1_1_, contactdat1_.firstname as firstnam4_1_1_, contactdat1_.home as home5_1_1_, contactdat1_.lastname as lastname6_1_1_, contactdat1_.email2 as email7_1_1_, contactdat1_.mobile as mobile8_1_1_, contactdat1_.email3 as email9_1_1_, contactdat1_.work as work10_1_1_ from address_in_groups contacts0_ inner join addressbook contactdat1_ on contacts0_.id=contactdat1_.id where contacts0_.group_id=?
Hibernate: select contacts0_.group_id as group_id2_0_0_, contacts0_.id as id1_0_0_, contactdat1_.id as id1_1_1_, contactdat1_.address as address2_1_1_, contactdat1_.email as email3_1_1_, contactdat1_.firstname as firstnam4_1_1_, contactdat1_.home as home5_1_1_, contactdat1_.lastname as lastname6_1_1_, contactdat1_.email2 as email7_1_1_, contactdat1_.mobile as mobile8_1_1_, contactdat1_.email3 as email9_1_1_, contactdat1_.work as work10_1_1_ from address_in_groups contacts0_ inner join addressbook contactdat1_ on contacts0_.id=contactdat1_.id where contacts0_.group_id=?
Hibernate: select contacts0_.group_id as group_id2_0_0_, contacts0_.id as id1_0_0_, contactdat1_.id as id1_1_1_, contactdat1_.address as address2_1_1_, contactdat1_.email as email3_1_1_, contactdat1_.firstname as firstnam4_1_1_, contactdat1_.home as home5_1_1_, contactdat1_.lastname as lastname6_1_1_, contactdat1_.email2 as email7_1_1_, contactdat1_.mobile as mobile8_1_1_, contactdat1_.email3 as email9_1_1_, contactdat1_.work as work10_1_1_ from address_in_groups contacts0_ inner join addressbook contactdat1_ on contacts0_.id=contactdat1_.id where contacts0_.group_id=?
Hibernate: select contacts0_.group_id as group_id2_0_0_, contacts0_.id as id1_0_0_, contactdat1_.id as id1_1_1_, contactdat1_.address as address2_1_1_, contactdat1_.email as email3_1_1_, contactdat1_.firstname as firstnam4_1_1_, contactdat1_.home as home5_1_1_, contactdat1_.lastname as lastname6_1_1_, contactdat1_.email2 as email7_1_1_, contactdat1_.mobile as mobile8_1_1_, contactdat1_.email3 as email9_1_1_, contactdat1_.work as work10_1_1_ from address_in_groups contacts0_ inner join addressbook contactdat1_ on contacts0_.id=contactdat1_.id where contacts0_.group_id=?
Hibernate: select contacts0_.group_id as group_id2_0_0_, contacts0_.id as id1_0_0_, contactdat1_.id as id1_1_1_, contactdat1_.address as address2_1_1_, contactdat1_.email as email3_1_1_, contactdat1_.firstname as firstnam4_1_1_, contactdat1_.home as home5_1_1_, contactdat1_.lastname as lastname6_1_1_, contactdat1_.email2 as email7_1_1_, contactdat1_.mobile as mobile8_1_1_, contactdat1_.email3 as email9_1_1_, contactdat1_.work as work10_1_1_ from address_in_groups contacts0_ inner join addressbook contactdat1_ on contacts0_.id=contactdat1_.id where contacts0_.group_id=?
Hibernate: select contacts0_.group_id as group_id2_0_0_, contacts0_.id as id1_0_0_, contactdat1_.id as id1_1_1_, contactdat1_.address as address2_1_1_, contactdat1_.email as email3_1_1_, contactdat1_.firstname as firstnam4_1_1_, contactdat1_.home as home5_1_1_, contactdat1_.lastname as lastname6_1_1_, contactdat1_.email2 as email7_1_1_, contactdat1_.mobile as mobile8_1_1_, contactdat1_.email3 as email9_1_1_, contactdat1_.work as work10_1_1_ from address_in_groups contacts0_ inner join addressbook contactdat1_ on contacts0_.id=contactdat1_.id where contacts0_.group_id=?
Hibernate: select contacts0_.group_id as group_id2_0_0_, contacts0_.id as id1_0_0_, contactdat1_.id as id1_1_1_, contactdat1_.address as address2_1_1_, contactdat1_.email as email3_1_1_, contactdat1_.firstname as firstnam4_1_1_, contactdat1_.home as home5_1_1_, contactdat1_.lastname as lastname6_1_1_, contactdat1_.email2 as email7_1_1_, contactdat1_.mobile as mobile8_1_1_, contactdat1_.email3 as email9_1_1_, contactdat1_.work as work10_1_1_ from address_in_groups contacts0_ inner join addressbook contactdat1_ on contacts0_.id=contactdat1_.id where contacts0_.group_id=?
Hibernate: select contacts0_.group_id as group_id2_0_0_, contacts0_.id as id1_0_0_, contactdat1_.id as id1_1_1_, contactdat1_.address as address2_1_1_, contactdat1_.email as email3_1_1_, contactdat1_.firstname as firstnam4_1_1_, contactdat1_.home as home5_1_1_, contactdat1_.lastname as lastname6_1_1_, contactdat1_.email2 as email7_1_1_, contactdat1_.mobile as mobile8_1_1_, contactdat1_.email3 as email9_1_1_, contactdat1_.work as work10_1_1_ from address_in_groups contacts0_ inner join addressbook contactdat1_ on contacts0_.id=contactdat1_.id where contacts0_.group_id=?
Hibernate: select contacts0_.group_id as group_id2_0_0_, contacts0_.id as id1_0_0_, contactdat1_.id as id1_1_1_, contactdat1_.address as address2_1_1_, contactdat1_.email as email3_1_1_, contactdat1_.firstname as firstnam4_1_1_, contactdat1_.home as home5_1_1_, contactdat1_.lastname as lastname6_1_1_, contactdat1_.email2 as email7_1_1_, contactdat1_.mobile as mobile8_1_1_, contactdat1_.email3 as email9_1_1_, contactdat1_.work as work10_1_1_ from address_in_groups contacts0_ inner join addressbook contactdat1_ on contacts0_.id=contactdat1_.id where contacts0_.group_id=?
Hibernate: select contacts0_.group_id as group_id2_0_0_, contacts0_.id as id1_0_0_, contactdat1_.id as id1_1_1_, contactdat1_.address as address2_1_1_, contactdat1_.email as email3_1_1_, contactdat1_.firstname as firstnam4_1_1_, contactdat1_.home as home5_1_1_, contactdat1_.lastname as lastname6_1_1_, contactdat1_.email2 as email7_1_1_, contactdat1_.mobile as mobile8_1_1_, contactdat1_.email3 as email9_1_1_, contactdat1_.work as work10_1_1_ from address_in_groups contacts0_ inner join addressbook contactdat1_ on contacts0_.id=contactdat1_.id where contacts0_.group_id=?
Hibernate: select contacts0_.group_id as group_id2_0_0_, contacts0_.id as id1_0_0_, contactdat1_.id as id1_1_1_, contactdat1_.address as address2_1_1_, contactdat1_.email as email3_1_1_, contactdat1_.firstname as firstnam4_1_1_, contactdat1_.home as home5_1_1_, contactdat1_.lastname as lastname6_1_1_, contactdat1_.email2 as email7_1_1_, contactdat1_.mobile as mobile8_1_1_, contactdat1_.email3 as email9_1_1_, contactdat1_.work as work10_1_1_ from address_in_groups contacts0_ inner join addressbook contactdat1_ on contacts0_.id=contactdat1_.id where contacts0_.group_id=?
Hibernate: select contacts0_.group_id as group_id2_0_0_, contacts0_.id as id1_0_0_, contactdat1_.id as id1_1_1_, contactdat1_.address as address2_1_1_, contactdat1_.email as email3_1_1_, contactdat1_.firstname as firstnam4_1_1_, contactdat1_.home as home5_1_1_, contactdat1_.lastname as lastname6_1_1_, contactdat1_.email2 as email7_1_1_, contactdat1_.mobile as mobile8_1_1_, contactdat1_.email3 as email9_1_1_, contactdat1_.work as work10_1_1_ from address_in_groups contacts0_ inner join addressbook contactdat1_ on contacts0_.id=contactdat1_.id where contacts0_.group_id=?
Hibernate: select contacts0_.group_id as group_id2_0_0_, contacts0_.id as id1_0_0_, contactdat1_.id as id1_1_1_, contactdat1_.address as address2_1_1_, contactdat1_.email as email3_1_1_, contactdat1_.firstname as firstnam4_1_1_, contactdat1_.home as home5_1_1_, contactdat1_.lastname as lastname6_1_1_, contactdat1_.email2 as email7_1_1_, contactdat1_.mobile as mobile8_1_1_, contactdat1_.email3 as email9_1_1_, contactdat1_.work as work10_1_1_ from address_in_groups contacts0_ inner join addressbook contactdat1_ on contacts0_.id=contactdat1_.id where contacts0_.group_id=?
Hibernate: select contacts0_.group_id as group_id2_0_0_, contacts0_.id as id1_0_0_, contactdat1_.id as id1_1_1_, contactdat1_.address as address2_1_1_, contactdat1_.email as email3_1_1_, contactdat1_.firstname as firstnam4_1_1_, contactdat1_.home as home5_1_1_, contactdat1_.lastname as lastname6_1_1_, contactdat1_.email2 as email7_1_1_, contactdat1_.mobile as mobile8_1_1_, contactdat1_.email3 as email9_1_1_, contactdat1_.work as work10_1_1_ from address_in_groups contacts0_ inner join addressbook contactdat1_ on contacts0_.id=contactdat1_.id where contacts0_.group_id=?
Hibernate: select contacts0_.group_id as group_id2_0_0_, contacts0_.id as id1_0_0_, contactdat1_.id as id1_1_1_, contactdat1_.address as address2_1_1_, contactdat1_.email as email3_1_1_, contactdat1_.firstname as firstnam4_1_1_, contactdat1_.home as home5_1_1_, contactdat1_.lastname as lastname6_1_1_, contactdat1_.email2 as email7_1_1_, contactdat1_.mobile as mobile8_1_1_, contactdat1_.email3 as email9_1_1_, contactdat1_.work as work10_1_1_ from address_in_groups contacts0_ inner join addressbook contactdat1_ on contacts0_.id=contactdat1_.id where contacts0_.group_id=?
Hibernate: select contacts0_.group_id as group_id2_0_0_, contacts0_.id as id1_0_0_, contactdat1_.id as id1_1_1_, contactdat1_.address as address2_1_1_, contactdat1_.email as email3_1_1_, contactdat1_.firstname as firstnam4_1_1_, contactdat1_.home as home5_1_1_, contactdat1_.lastname as lastname6_1_1_, contactdat1_.email2 as email7_1_1_, contactdat1_.mobile as mobile8_1_1_, contactdat1_.email3 as email9_1_1_, contactdat1_.work as work10_1_1_ from address_in_groups contacts0_ inner join addressbook contactdat1_ on contacts0_.id=contactdat1_.id where contacts0_.group_id=?
Hibernate: select contacts0_.group_id as group_id2_0_0_, contacts0_.id as id1_0_0_, contactdat1_.id as id1_1_1_, contactdat1_.address as address2_1_1_, contactdat1_.email as email3_1_1_, contactdat1_.firstname as firstnam4_1_1_, contactdat1_.home as home5_1_1_, contactdat1_.lastname as lastname6_1_1_, contactdat1_.email2 as email7_1_1_, contactdat1_.mobile as mobile8_1_1_, contactdat1_.email3 as email9_1_1_, contactdat1_.work as work10_1_1_ from address_in_groups contacts0_ inner join addressbook contactdat1_ on contacts0_.id=contactdat1_.id where contacts0_.group_id=?
Hibernate: select groups0_.id as id1_0_0_, groups0_.group_id as group_id2_0_0_, groupdata1_.group_id as group_id1_2_1_, groupdata1_.group_footer as group_fo2_2_1_, groupdata1_.group_header as group_he3_2_1_, groupdata1_.group_name as group_na4_2_1_ from address_in_groups groups0_ inner join group_list groupdata1_ on groups0_.group_id=groupdata1_.group_id where groups0_.id=?
Hibernate: select contacts0_.group_id as group_id2_0_0_, contacts0_.id as id1_0_0_, contactdat1_.id as id1_1_1_, contactdat1_.address as address2_1_1_, contactdat1_.email as email3_1_1_, contactdat1_.firstname as firstnam4_1_1_, contactdat1_.home as home5_1_1_, contactdat1_.lastname as lastname6_1_1_, contactdat1_.email2 as email7_1_1_, contactdat1_.mobile as mobile8_1_1_, contactdat1_.email3 as email9_1_1_, contactdat1_.work as work10_1_1_ from address_in_groups contacts0_ inner join addressbook contactdat1_ on contacts0_.id=contactdat1_.id where contacts0_.group_id=?
Hibernate: select contacts0_.group_id as group_id2_0_0_, contacts0_.id as id1_0_0_, contactdat1_.id as id1_1_1_, contactdat1_.address as address2_1_1_, contactdat1_.email as email3_1_1_, contactdat1_.firstname as firstnam4_1_1_, contactdat1_.home as home5_1_1_, contactdat1_.lastname as lastname6_1_1_, contactdat1_.email2 as email7_1_1_, contactdat1_.mobile as mobile8_1_1_, contactdat1_.email3 as email9_1_1_, contactdat1_.work as work10_1_1_ from address_in_groups contacts0_ inner join addressbook contactdat1_ on contacts0_.id=contactdat1_.id where contacts0_.group_id=?
Hibernate: select contacts0_.group_id as group_id2_0_0_, contacts0_.id as id1_0_0_, contactdat1_.id as id1_1_1_, contactdat1_.address as address2_1_1_, contactdat1_.email as email3_1_1_, contactdat1_.firstname as firstnam4_1_1_, contactdat1_.home as home5_1_1_, contactdat1_.lastname as lastname6_1_1_, contactdat1_.email2 as email7_1_1_, contactdat1_.mobile as mobile8_1_1_, contactdat1_.email3 as email9_1_1_, contactdat1_.work as work10_1_1_ from address_in_groups contacts0_ inner join addressbook contactdat1_ on contacts0_.id=contactdat1_.id where contacts0_.group_id=?
Hibernate: select contacts0_.group_id as group_id2_0_0_, contacts0_.id as id1_0_0_, contactdat1_.id as id1_1_1_, contactdat1_.address as address2_1_1_, contactdat1_.email as email3_1_1_, contactdat1_.firstname as firstnam4_1_1_, contactdat1_.home as home5_1_1_, contactdat1_.lastname as lastname6_1_1_, contactdat1_.email2 as email7_1_1_, contactdat1_.mobile as mobile8_1_1_, contactdat1_.email3 as email9_1_1_, contactdat1_.work as work10_1_1_ from address_in_groups contacts0_ inner join addressbook contactdat1_ on contacts0_.id=contactdat1_.id where contacts0_.group_id=?
Hibernate: select contacts0_.group_id as group_id2_0_0_, contacts0_.id as id1_0_0_, contactdat1_.id as id1_1_1_, contactdat1_.address as address2_1_1_, contactdat1_.email as email3_1_1_, contactdat1_.firstname as firstnam4_1_1_, contactdat1_.home as home5_1_1_, contactdat1_.lastname as lastname6_1_1_, contactdat1_.email2 as email7_1_1_, contactdat1_.mobile as mobile8_1_1_, contactdat1_.email3 as email9_1_1_, contactdat1_.work as work10_1_1_ from address_in_groups contacts0_ inner join addressbook contactdat1_ on contacts0_.id=contactdat1_.id where contacts0_.group_id=?
Hibernate: select contacts0_.group_id as group_id2_0_0_, contacts0_.id as id1_0_0_, contactdat1_.id as id1_1_1_, contactdat1_.address as address2_1_1_, contactdat1_.email as email3_1_1_, contactdat1_.firstname as firstnam4_1_1_, contactdat1_.home as home5_1_1_, contactdat1_.lastname as lastname6_1_1_, contactdat1_.email2 as email7_1_1_, contactdat1_.mobile as mobile8_1_1_, contactdat1_.email3 as email9_1_1_, contactdat1_.work as work10_1_1_ from address_in_groups contacts0_ inner join addressbook contactdat1_ on contacts0_.id=contactdat1_.id where contacts0_.group_id=?
Hibernate: select contacts0_.group_id as group_id2_0_0_, contacts0_.id as id1_0_0_, contactdat1_.id as id1_1_1_, contactdat1_.address as address2_1_1_, contactdat1_.email as email3_1_1_, contactdat1_.firstname as firstnam4_1_1_, contactdat1_.home as home5_1_1_, contactdat1_.lastname as lastname6_1_1_, contactdat1_.email2 as email7_1_1_, contactdat1_.mobile as mobile8_1_1_, contactdat1_.email3 as email9_1_1_, contactdat1_.work as work10_1_1_ from address_in_groups contacts0_ inner join addressbook contactdat1_ on contacts0_.id=contactdat1_.id where contacts0_.group_id=?
Hibernate: select contacts0_.group_id as group_id2_0_0_, contacts0_.id as id1_0_0_, contactdat1_.id as id1_1_1_, contactdat1_.address as address2_1_1_, contactdat1_.email as email3_1_1_, contactdat1_.firstname as firstnam4_1_1_, contactdat1_.home as home5_1_1_, contactdat1_.lastname as lastname6_1_1_, contactdat1_.email2 as email7_1_1_, contactdat1_.mobile as mobile8_1_1_, contactdat1_.email3 as email9_1_1_, contactdat1_.work as work10_1_1_ from address_in_groups contacts0_ inner join addressbook contactdat1_ on contacts0_.id=contactdat1_.id where contacts0_.group_id=?
Hibernate: select groups0_.id as id1_0_0_, groups0_.group_id as group_id2_0_0_, groupdata1_.group_id as group_id1_2_1_, groupdata1_.group_footer as group_fo2_2_1_, groupdata1_.group_header as group_he3_2_1_, groupdata1_.group_name as group_na4_2_1_ from address_in_groups groups0_ inner join group_list groupdata1_ on groups0_.group_id=groupdata1_.group_id where groups0_.id=?
GroupData{id='222', name='test 3'}
GroupData{id='223', name='test 4'}
GroupData{id='225', name='test1'}
GroupData{id='226', name='test1'}
GroupData{id='227', name='test1'}
GroupData{id='228', name='test1'}
GroupData{id='229', name='test 0'}
GroupData{id='230', name='test 1'}
GroupData{id='231', name='test1'}
GroupData{id='232', name='test 3'}
GroupData{id='235', name='test1'}
GroupData{id='236', name='test 2'}
GroupData{id='237', name='test 3'}
GroupData{id='238', name='test 4'}
GroupData{id='239', name='test1'}
GroupData{id='241', name='test1'}
GroupData{id='243', name='test1'}
GroupData{id='244', name='test 0'}
GroupData{id='245', name='test 1'}
GroupData{id='246', name='test 2'}
GroupData{id='247', name='test 3'}
GroupData{id='248', name='test 4'}
GroupData{id='249', name='test 0'}
GroupData{id='250', name='test 1'}
GroupData{id='251', name='test 2'}
GroupData{id='252', name='test 3'}
GroupData{id='253', name='test 4'}
GroupData{id='254', name='test1'}
GroupData{id='255', name='test 1'}
GroupData{id='256', name='test 2'}
GroupData{id='257', name='test 3'}
Hibernate: select groupdata0_.group_id as group_id1_2_, groupdata0_.group_footer as group_fo2_2_, groupdata0_.group_header as group_he3_2_, groupdata0_.group_name as group_na4_2_ from group_list groupdata0_
Hibernate: select contacts0_.group_id as group_id2_0_0_, contacts0_.id as id1_0_0_, contactdat1_.id as id1_1_1_, contactdat1_.address as address2_1_1_, contactdat1_.email as email3_1_1_, contactdat1_.firstname as firstnam4_1_1_, contactdat1_.home as home5_1_1_, contactdat1_.lastname as lastname6_1_1_, contactdat1_.email2 as email7_1_1_, contactdat1_.mobile as mobile8_1_1_, contactdat1_.email3 as email9_1_1_, contactdat1_.work as work10_1_1_ from address_in_groups contacts0_ inner join addressbook contactdat1_ on contacts0_.id=contactdat1_.id where contacts0_.group_id=?
Hibernate: select contacts0_.group_id as group_id2_0_0_, contacts0_.id as id1_0_0_, contactdat1_.id as id1_1_1_, contactdat1_.address as address2_1_1_, contactdat1_.email as email3_1_1_, contactdat1_.firstname as firstnam4_1_1_, contactdat1_.home as home5_1_1_, contactdat1_.lastname as lastname6_1_1_, contactdat1_.email2 as email7_1_1_, contactdat1_.mobile as mobile8_1_1_, contactdat1_.email3 as email9_1_1_, contactdat1_.work as work10_1_1_ from address_in_groups contacts0_ inner join addressbook contactdat1_ on contacts0_.id=contactdat1_.id where contacts0_.group_id=?
Hibernate: select contacts0_.group_id as group_id2_0_0_, contacts0_.id as id1_0_0_, contactdat1_.id as id1_1_1_, contactdat1_.address as address2_1_1_, contactdat1_.email as email3_1_1_, contactdat1_.firstname as firstnam4_1_1_, contactdat1_.home as home5_1_1_, contactdat1_.lastname as lastname6_1_1_, contactdat1_.email2 as email7_1_1_, contactdat1_.mobile as mobile8_1_1_, contactdat1_.email3 as email9_1_1_, contactdat1_.work as work10_1_1_ from address_in_groups contacts0_ inner join addressbook contactdat1_ on contacts0_.id=contactdat1_.id where contacts0_.group_id=?
Hibernate: select contacts0_.group_id as group_id2_0_0_, contacts0_.id as id1_0_0_, contactdat1_.id as id1_1_1_, contactdat1_.address as address2_1_1_, contactdat1_.email as email3_1_1_, contactdat1_.firstname as firstnam4_1_1_, contactdat1_.home as home5_1_1_, contactdat1_.lastname as lastname6_1_1_, contactdat1_.email2 as email7_1_1_, contactdat1_.mobile as mobile8_1_1_, contactdat1_.email3 as email9_1_1_, contactdat1_.work as work10_1_1_ from address_in_groups contacts0_ inner join addressbook contactdat1_ on contacts0_.id=contactdat1_.id where contacts0_.group_id=?
Hibernate: select contacts0_.group_id as group_id2_0_0_, contacts0_.id as id1_0_0_, contactdat1_.id as id1_1_1_, contactdat1_.address as address2_1_1_, contactdat1_.email as email3_1_1_, contactdat1_.firstname as firstnam4_1_1_, contactdat1_.home as home5_1_1_, contactdat1_.lastname as lastname6_1_1_, contactdat1_.email2 as email7_1_1_, contactdat1_.mobile as mobile8_1_1_, contactdat1_.email3 as email9_1_1_, contactdat1_.work as work10_1_1_ from address_in_groups contacts0_ inner join addressbook contactdat1_ on contacts0_.id=contactdat1_.id where contacts0_.group_id=?
Hibernate: select contacts0_.group_id as group_id2_0_0_, contacts0_.id as id1_0_0_, contactdat1_.id as id1_1_1_, contactdat1_.address as address2_1_1_, contactdat1_.email as email3_1_1_, contactdat1_.firstname as firstnam4_1_1_, contactdat1_.home as home5_1_1_, contactdat1_.lastname as lastname6_1_1_, contactdat1_.email2 as email7_1_1_, contactdat1_.mobile as mobile8_1_1_, contactdat1_.email3 as email9_1_1_, contactdat1_.work as work10_1_1_ from address_in_groups contacts0_ inner join addressbook contactdat1_ on contacts0_.id=contactdat1_.id where contacts0_.group_id=?
Hibernate: select contacts0_.group_id as group_id2_0_0_, contacts0_.id as id1_0_0_, contactdat1_.id as id1_1_1_, contactdat1_.address as address2_1_1_, contactdat1_.email as email3_1_1_, contactdat1_.firstname as firstnam4_1_1_, contactdat1_.home as home5_1_1_, contactdat1_.lastname as lastname6_1_1_, contactdat1_.email2 as email7_1_1_, contactdat1_.mobile as mobile8_1_1_, contactdat1_.email3 as email9_1_1_, contactdat1_.work as work10_1_1_ from address_in_groups contacts0_ inner join addressbook contactdat1_ on contacts0_.id=contactdat1_.id where contacts0_.group_id=?
Hibernate: select contacts0_.group_id as group_id2_0_0_, contacts0_.id as id1_0_0_, contactdat1_.id as id1_1_1_, contactdat1_.address as address2_1_1_, contactdat1_.email as email3_1_1_, contactdat1_.firstname as firstnam4_1_1_, contactdat1_.home as home5_1_1_, contactdat1_.lastname as lastname6_1_1_, contactdat1_.email2 as email7_1_1_, contactdat1_.mobile as mobile8_1_1_, contactdat1_.email3 as email9_1_1_, contactdat1_.work as work10_1_1_ from address_in_groups contacts0_ inner join addressbook contactdat1_ on contacts0_.id=contactdat1_.id where contacts0_.group_id=?
Hibernate: select contacts0_.group_id as group_id2_0_0_, contacts0_.id as id1_0_0_, contactdat1_.id as id1_1_1_, contactdat1_.address as address2_1_1_, contactdat1_.email as email3_1_1_, contactdat1_.firstname as firstnam4_1_1_, contactdat1_.home as home5_1_1_, contactdat1_.lastname as lastname6_1_1_, contactdat1_.email2 as email7_1_1_, contactdat1_.mobile as mobile8_1_1_, contactdat1_.email3 as email9_1_1_, contactdat1_.work as work10_1_1_ from address_in_groups contacts0_ inner join addressbook contactdat1_ on contacts0_.id=contactdat1_.id where contacts0_.group_id=?
Hibernate: select contacts0_.group_id as group_id2_0_0_, contacts0_.id as id1_0_0_, contactdat1_.id as id1_1_1_, contactdat1_.address as address2_1_1_, contactdat1_.email as email3_1_1_, contactdat1_.firstname as firstnam4_1_1_, contactdat1_.home as home5_1_1_, contactdat1_.lastname as lastname6_1_1_, contactdat1_.email2 as email7_1_1_, contactdat1_.mobile as mobile8_1_1_, contactdat1_.email3 as email9_1_1_, contactdat1_.work as work10_1_1_ from address_in_groups contacts0_ inner join addressbook contactdat1_ on contacts0_.id=contactdat1_.id where contacts0_.group_id=?
Hibernate: select contacts0_.group_id as group_id2_0_0_, contacts0_.id as id1_0_0_, contactdat1_.id as id1_1_1_, contactdat1_.address as address2_1_1_, contactdat1_.email as email3_1_1_, contactdat1_.firstname as firstnam4_1_1_, contactdat1_.home as home5_1_1_, contactdat1_.lastname as lastname6_1_1_, contactdat1_.email2 as email7_1_1_, contactdat1_.mobile as mobile8_1_1_, contactdat1_.email3 as email9_1_1_, contactdat1_.work as work10_1_1_ from address_in_groups contacts0_ inner join addressbook contactdat1_ on contacts0_.id=contactdat1_.id where contacts0_.group_id=?
Hibernate: select contacts0_.group_id as group_id2_0_0_, contacts0_.id as id1_0_0_, contactdat1_.id as id1_1_1_, contactdat1_.address as address2_1_1_, contactdat1_.email as email3_1_1_, contactdat1_.firstname as firstnam4_1_1_, contactdat1_.home as home5_1_1_, contactdat1_.lastname as lastname6_1_1_, contactdat1_.email2 as email7_1_1_, contactdat1_.mobile as mobile8_1_1_, contactdat1_.email3 as email9_1_1_, contactdat1_.work as work10_1_1_ from address_in_groups contacts0_ inner join addressbook contactdat1_ on contacts0_.id=contactdat1_.id where contacts0_.group_id=?
Hibernate: select contacts0_.group_id as group_id2_0_0_, contacts0_.id as id1_0_0_, contactdat1_.id as id1_1_1_, contactdat1_.address as address2_1_1_, contactdat1_.email as email3_1_1_, contactdat1_.firstname as firstnam4_1_1_, contactdat1_.home as home5_1_1_, contactdat1_.lastname as lastname6_1_1_, contactdat1_.email2 as email7_1_1_, contactdat1_.mobile as mobile8_1_1_, contactdat1_.email3 as email9_1_1_, contactdat1_.work as work10_1_1_ from address_in_groups contacts0_ inner join addressbook contactdat1_ on contacts0_.id=contactdat1_.id where contacts0_.group_id=?
Hibernate: select contacts0_.group_id as group_id2_0_0_, contacts0_.id as id1_0_0_, contactdat1_.id as id1_1_1_, contactdat1_.address as address2_1_1_, contactdat1_.email as email3_1_1_, contactdat1_.firstname as firstnam4_1_1_, contactdat1_.home as home5_1_1_, contactdat1_.lastname as lastname6_1_1_, contactdat1_.email2 as email7_1_1_, contactdat1_.mobile as mobile8_1_1_, contactdat1_.email3 as email9_1_1_, contactdat1_.work as work10_1_1_ from address_in_groups contacts0_ inner join addressbook contactdat1_ on contacts0_.id=contactdat1_.id where contacts0_.group_id=?
Hibernate: select contacts0_.group_id as group_id2_0_0_, contacts0_.id as id1_0_0_, contactdat1_.id as id1_1_1_, contactdat1_.address as address2_1_1_, contactdat1_.email as email3_1_1_, contactdat1_.firstname as firstnam4_1_1_, contactdat1_.home as home5_1_1_, contactdat1_.lastname as lastname6_1_1_, contactdat1_.email2 as email7_1_1_, contactdat1_.mobile as mobile8_1_1_, contactdat1_.email3 as email9_1_1_, contactdat1_.work as work10_1_1_ from address_in_groups contacts0_ inner join addressbook contactdat1_ on contacts0_.id=contactdat1_.id where contacts0_.group_id=?
Hibernate: select contacts0_.group_id as group_id2_0_0_, contacts0_.id as id1_0_0_, contactdat1_.id as id1_1_1_, contactdat1_.address as address2_1_1_, contactdat1_.email as email3_1_1_, contactdat1_.firstname as firstnam4_1_1_, contactdat1_.home as home5_1_1_, contactdat1_.lastname as lastname6_1_1_, contactdat1_.email2 as email7_1_1_, contactdat1_.mobile as mobile8_1_1_, contactdat1_.email3 as email9_1_1_, contactdat1_.work as work10_1_1_ from address_in_groups contacts0_ inner join addressbook contactdat1_ on contacts0_.id=contactdat1_.id where contacts0_.group_id=?
Hibernate: select contacts0_.group_id as group_id2_0_0_, contacts0_.id as id1_0_0_, contactdat1_.id as id1_1_1_, contactdat1_.address as address2_1_1_, contactdat1_.email as email3_1_1_, contactdat1_.firstname as firstnam4_1_1_, contactdat1_.home as home5_1_1_, contactdat1_.lastname as lastname6_1_1_, contactdat1_.email2 as email7_1_1_, contactdat1_.mobile as mobile8_1_1_, contactdat1_.email3 as email9_1_1_, contactdat1_.work as work10_1_1_ from address_in_groups contacts0_ inner join addressbook contactdat1_ on contacts0_.id=contactdat1_.id where contacts0_.group_id=?
Hibernate: select contacts0_.group_id as group_id2_0_0_, contacts0_.id as id1_0_0_, contactdat1_.id as id1_1_1_, contactdat1_.address as address2_1_1_, contactdat1_.email as email3_1_1_, contactdat1_.firstname as firstnam4_1_1_, contactdat1_.home as home5_1_1_, contactdat1_.lastname as lastname6_1_1_, contactdat1_.email2 as email7_1_1_, contactdat1_.mobile as mobile8_1_1_, contactdat1_.email3 as email9_1_1_, contactdat1_.work as work10_1_1_ from address_in_groups contacts0_ inner join addressbook contactdat1_ on contacts0_.id=contactdat1_.id where contacts0_.group_id=?
Hibernate: select contacts0_.group_id as group_id2_0_0_, contacts0_.id as id1_0_0_, contactdat1_.id as id1_1_1_, contactdat1_.address as address2_1_1_, contactdat1_.email as email3_1_1_, contactdat1_.firstname as firstnam4_1_1_, contactdat1_.home as home5_1_1_, contactdat1_.lastname as lastname6_1_1_, contactdat1_.email2 as email7_1_1_, contactdat1_.mobile as mobile8_1_1_, contactdat1_.email3 as email9_1_1_, contactdat1_.work as work10_1_1_ from address_in_groups contacts0_ inner join addressbook contactdat1_ on contacts0_.id=contactdat1_.id where contacts0_.group_id=?
Hibernate: select contacts0_.group_id as group_id2_0_0_, contacts0_.id as id1_0_0_, contactdat1_.id as id1_1_1_, contactdat1_.address as address2_1_1_, contactdat1_.email as email3_1_1_, contactdat1_.firstname as firstnam4_1_1_, contactdat1_.home as home5_1_1_, contactdat1_.lastname as lastname6_1_1_, contactdat1_.email2 as email7_1_1_, contactdat1_.mobile as mobile8_1_1_, contactdat1_.email3 as email9_1_1_, contactdat1_.work as work10_1_1_ from address_in_groups contacts0_ inner join addressbook contactdat1_ on contacts0_.id=contactdat1_.id where contacts0_.group_id=?
Hibernate: select contacts0_.group_id as group_id2_0_0_, contacts0_.id as id1_0_0_, contactdat1_.id as id1_1_1_, contactdat1_.address as address2_1_1_, contactdat1_.email as email3_1_1_, contactdat1_.firstname as firstnam4_1_1_, contactdat1_.home as home5_1_1_, contactdat1_.lastname as lastname6_1_1_, contactdat1_.email2 as email7_1_1_, contactdat1_.mobile as mobile8_1_1_, contactdat1_.email3 as email9_1_1_, contactdat1_.work as work10_1_1_ from address_in_groups contacts0_ inner join addressbook contactdat1_ on contacts0_.id=contactdat1_.id where contacts0_.group_id=?
Hibernate: select contacts0_.group_id as group_id2_0_0_, contacts0_.id as id1_0_0_, contactdat1_.id as id1_1_1_, contactdat1_.address as address2_1_1_, contactdat1_.email as email3_1_1_, contactdat1_.firstname as firstnam4_1_1_, contactdat1_.home as home5_1_1_, contactdat1_.lastname as lastname6_1_1_, contactdat1_.email2 as email7_1_1_, contactdat1_.mobile as mobile8_1_1_, contactdat1_.email3 as email9_1_1_, contactdat1_.work as work10_1_1_ from address_in_groups contacts0_ inner join addressbook contactdat1_ on contacts0_.id=contactdat1_.id where contacts0_.group_id=?
Hibernate: select contacts0_.group_id as group_id2_0_0_, contacts0_.id as id1_0_0_, contactdat1_.id as id1_1_1_, contactdat1_.address as address2_1_1_, contactdat1_.email as email3_1_1_, contactdat1_.firstname as firstnam4_1_1_, contactdat1_.home as home5_1_1_, contactdat1_.lastname as lastname6_1_1_, contactdat1_.email2 as email7_1_1_, contactdat1_.mobile as mobile8_1_1_, contactdat1_.email3 as email9_1_1_, contactdat1_.work as work10_1_1_ from address_in_groups contacts0_ inner join addressbook contactdat1_ on contacts0_.id=contactdat1_.id where contacts0_.group_id=?
Hibernate: select contacts0_.group_id as group_id2_0_0_, contacts0_.id as id1_0_0_, contactdat1_.id as id1_1_1_, contactdat1_.address as address2_1_1_, contactdat1_.email as email3_1_1_, contactdat1_.firstname as firstnam4_1_1_, contactdat1_.home as home5_1_1_, contactdat1_.lastname as lastname6_1_1_, contactdat1_.email2 as email7_1_1_, contactdat1_.mobile as mobile8_1_1_, contactdat1_.email3 as email9_1_1_, contactdat1_.work as work10_1_1_ from address_in_groups contacts0_ inner join addressbook contactdat1_ on contacts0_.id=contactdat1_.id where contacts0_.group_id=?
Hibernate: select groups0_.id as id1_0_0_, groups0_.group_id as group_id2_0_0_, groupdata1_.group_id as group_id1_2_1_, groupdata1_.group_footer as group_fo2_2_1_, groupdata1_.group_header as group_he3_2_1_, groupdata1_.group_name as group_na4_2_1_ from address_in_groups groups0_ inner join group_list groupdata1_ on groups0_.group_id=groupdata1_.group_id where groups0_.id=?
Hibernate: select contacts0_.group_id as group_id2_0_0_, contacts0_.id as id1_0_0_, contactdat1_.id as id1_1_1_, contactdat1_.address as address2_1_1_, contactdat1_.email as email3_1_1_, contactdat1_.firstname as firstnam4_1_1_, contactdat1_.home as home5_1_1_, contactdat1_.lastname as lastname6_1_1_, contactdat1_.email2 as email7_1_1_, contactdat1_.mobile as mobile8_1_1_, contactdat1_.email3 as email9_1_1_, contactdat1_.work as work10_1_1_ from address_in_groups contacts0_ inner join addressbook contactdat1_ on contacts0_.id=contactdat1_.id where contacts0_.group_id=?
Hibernate: select contacts0_.group_id as group_id2_0_0_, contacts0_.id as id1_0_0_, contactdat1_.id as id1_1_1_, contactdat1_.address as address2_1_1_, contactdat1_.email as email3_1_1_, contactdat1_.firstname as firstnam4_1_1_, contactdat1_.home as home5_1_1_, contactdat1_.lastname as lastname6_1_1_, contactdat1_.email2 as email7_1_1_, contactdat1_.mobile as mobile8_1_1_, contactdat1_.email3 as email9_1_1_, contactdat1_.work as work10_1_1_ from address_in_groups contacts0_ inner join addressbook contactdat1_ on contacts0_.id=contactdat1_.id where contacts0_.group_id=?
Hibernate: select contacts0_.group_id as group_id2_0_0_, contacts0_.id as id1_0_0_, contactdat1_.id as id1_1_1_, contactdat1_.address as address2_1_1_, contactdat1_.email as email3_1_1_, contactdat1_.firstname as firstnam4_1_1_, contactdat1_.home as home5_1_1_, contactdat1_.lastname as lastname6_1_1_, contactdat1_.email2 as email7_1_1_, contactdat1_.mobile as mobile8_1_1_, contactdat1_.email3 as email9_1_1_, contactdat1_.work as work10_1_1_ from address_in_groups contacts0_ inner join addressbook contactdat1_ on contacts0_.id=contactdat1_.id where contacts0_.group_id=?
Hibernate: select contacts0_.group_id as group_id2_0_0_, contacts0_.id as id1_0_0_, contactdat1_.id as id1_1_1_, contactdat1_.address as address2_1_1_, contactdat1_.email as email3_1_1_, contactdat1_.firstname as firstnam4_1_1_, contactdat1_.home as home5_1_1_, contactdat1_.lastname as lastname6_1_1_, contactdat1_.email2 as email7_1_1_, contactdat1_.mobile as mobile8_1_1_, contactdat1_.email3 as email9_1_1_, contactdat1_.work as work10_1_1_ from address_in_groups contacts0_ inner join addressbook contactdat1_ on contacts0_.id=contactdat1_.id where contacts0_.group_id=?
Hibernate: select contacts0_.group_id as group_id2_0_0_, contacts0_.id as id1_0_0_, contactdat1_.id as id1_1_1_, contactdat1_.address as address2_1_1_, contactdat1_.email as email3_1_1_, contactdat1_.firstname as firstnam4_1_1_, contactdat1_.home as home5_1_1_, contactdat1_.lastname as lastname6_1_1_, contactdat1_.email2 as email7_1_1_, contactdat1_.mobile as mobile8_1_1_, contactdat1_.email3 as email9_1_1_, contactdat1_.work as work10_1_1_ from address_in_groups contacts0_ inner join addressbook contactdat1_ on contacts0_.id=contactdat1_.id where contacts0_.group_id=?
Hibernate: select contacts0_.group_id as group_id2_0_0_, contacts0_.id as id1_0_0_, contactdat1_.id as id1_1_1_, contactdat1_.address as address2_1_1_, contactdat1_.email as email3_1_1_, contactdat1_.firstname as firstnam4_1_1_, contactdat1_.home as home5_1_1_, contactdat1_.lastname as lastname6_1_1_, contactdat1_.email2 as email7_1_1_, contactdat1_.mobile as mobile8_1_1_, contactdat1_.email3 as email9_1_1_, contactdat1_.work as work10_1_1_ from address_in_groups contacts0_ inner join addressbook contactdat1_ on contacts0_.id=contactdat1_.id where contacts0_.group_id=?
Hibernate: select contacts0_.group_id as group_id2_0_0_, contacts0_.id as id1_0_0_, contactdat1_.id as id1_1_1_, contactdat1_.address as address2_1_1_, contactdat1_.email as email3_1_1_, contactdat1_.firstname as firstnam4_1_1_, contactdat1_.home as home5_1_1_, contactdat1_.lastname as lastname6_1_1_, contactdat1_.email2 as email7_1_1_, contactdat1_.mobile as mobile8_1_1_, contactdat1_.email3 as email9_1_1_, contactdat1_.work as work10_1_1_ from address_in_groups contacts0_ inner join addressbook contactdat1_ on contacts0_.id=contactdat1_.id where contacts0_.group_id=?
[...]
Hibernate: select contacts0_.group_id as group_id2_0_0_, contacts0_.id as id1_0_0_, contactdat1_.id as id1_1_1_, contactdat1_.address as address2_1_1_, contactdat1_.email as email3_1_1_, contactdat1_.firstname as firstnam4_1_1_, contactdat1_.home as home5_1_1_, contactdat1_.lastname as lastname6_1_1_, contactdat1_.email2 as email7_1_1_, contactdat1_.mobile as mobile8_1_1_, contactdat1_.email3 as email9_1_1_, contactdat1_.work as work10_1_1_ from address_in_groups contacts0_ inner join addressbook contactdat1_ on contacts0_.id=contactdat1_.id where contacts0_.group_id=?
Hibernate: select contacts0_.group_id as group_id2_0_0_, contacts0_.id as id1_0_0_, contactdat1_.id as id1_1_1_, contactdat1_.address as address2_1_1_, contactdat1_.email as email3_1_1_, contactdat1_.firstname as firstnam4_1_1_, contactdat1_.home as home5_1_1_, contactdat1_.lastname as lastname6_1_1_, contactdat1_.email2 as email7_1_1_, contactdat1_.mobile as mobile8_1_1_, contactdat1_.email3 as email9_1_1_, contactdat1_.work as work10_1_1_ from address_in_groups contacts0_ inner join addressbook contactdat1_ on contacts0_.id=contactdat1_.id where contacts0_.group_id=?
Hibernate: select contacts0_.group_id as group_id2_0_0_, contacts0_.id as id1_0_0_, contactdat1_.id as id1_1_1_, contactdat1_.address as address2_1_1_, contactdat1_.email as email3_1_1_, contactdat1_.firstname as firstnam4_1_1_, contactdat1_.home as home5_1_1_, contactdat1_.lastname as lastname6_1_1_, contactdat1_.email2 as email7_1_1_, contactdat1_.mobile as mobile8_1_1_, contactdat1_.email3 as email9_1_1_, contactdat1_.work as work10_1_1_ from address_in_groups contacts0_ inner join addressbook contactdat1_ on contacts0_.id=contactdat1_.id where contacts0_.group_id=?
Hibernate: select contacts0_.group_id as group_id2_0_0_, contacts0_.id as id1_0_0_, contactdat1_.id as id1_1_1_, contactdat1_.address as address2_1_1_, contactdat1_.email as email3_1_1_, contactdat1_.firstname as firstnam4_1_1_, contactdat1_.home as home5_1_1_, contactdat1_.lastname as lastname6_1_1_, contactdat1_.email2 as email7_1_1_, contactdat1_.mobile as mobile8_1_1_, contactdat1_.email3 as email9_1_1_, contactdat1_.work as work10_1_1_ from address_in_groups contacts0_ inner join addressbook contactdat1_ on contacts0_.id=contactdat1_.id where contacts0_.group_id=?
Hibernate: select contacts0_.group_id as group_id2_0_0_, contacts0_.id as id1_0_0_, contactdat1_.id as id1_1_1_, contactdat1_.address as address2_1_1_, contactdat1_.email as email3_1_1_, contactdat1_.firstname as firstnam4_1_1_, contactdat1_.home as home5_1_1_, contactdat1_.lastname as lastname6_1_1_, contactdat1_.email2 as email7_1_1_, contactdat1_.mobile as mobile8_1_1_, contactdat1_.email3 as email9_1_1_, contactdat1_.work as work10_1_1_ from address_in_groups contacts0_ inner join addressbook contactdat1_ on contacts0_.id=contactdat1_.id where contacts0_.group_id=?
Hibernate: select contacts0_.group_id as group_id2_0_0_, contacts0_.id as id1_0_0_, contactdat1_.id as id1_1_1_, contactdat1_.address as address2_1_1_, contactdat1_.email as email3_1_1_, contactdat1_.firstname as firstnam4_1_1_, contactdat1_.home as home5_1_1_, contactdat1_.lastname as lastname6_1_1_, contactdat1_.email2 as email7_1_1_, contactdat1_.mobile as mobile8_1_1_, contactdat1_.email3 as email9_1_1_, contactdat1_.work as work10_1_1_ from address_in_groups contacts0_ inner join addressbook contactdat1_ on contacts0_.id=contactdat1_.id where contacts0_.group_id=?
Hibernate: select contacts0_.group_id as group_id2_0_0_, contacts0_.id as id1_0_0_, contactdat1_.id as id1_1_1_, contactdat1_.address as address2_1_1_, contactdat1_.email as email3_1_1_, contactdat1_.firstname as firstnam4_1_1_, contactdat1_.home as home5_1_1_, contactdat1_.lastname as lastname6_1_1_, contactdat1_.email2 as email7_1_1_, contactdat1_.mobile as mobile8_1_1_, contactdat1_.email3 as email9_1_1_, contactdat1_.work as work10_1_1_ from address_in_groups contacts0_ inner join addressbook contactdat1_ on contacts0_.id=contactdat1_.id where contacts0_.group_id=?
Hibernate: select contacts0_.group_id as group_id2_0_0_, contacts0_.id as id1_0_0_, contactdat1_.id as id1_1_1_, contactdat1_.address as address2_1_1_, contactdat1_.email as email3_1_1_, contactdat1_.firstname as firstnam4_1_1_, contactdat1_.home as home5_1_1_, contactdat1_.lastname as lastname6_1_1_, contactdat1_.email2 as email7_1_1_, contactdat1_.mobile as mobile8_1_1_, contactdat1_.email3 as email9_1_1_, contactdat1_.work as work10_1_1_ from address_in_groups contacts0_ inner join addressbook contactdat1_ on contacts0_.id=contactdat1_.id where contacts0_.group_id=?
Hibernate: select contacts0_.group_id as group_id2_0_0_, contacts0_.id as id1_0_0_, contactdat1_.id as id1_1_1_, contactdat1_.address as address2_1_1_, contactdat1_.email as email3_1_1_, contactdat1_.firstname as firstnam4_1_1_, contactdat1_.home as home5_1_1_, contactdat1_.lastname as lastname6_1_1_, contactdat1_.email2 as email7_1_1_, contactdat1_.mobile as mobile8_1_1_, contactdat1_.email3 as email9_1_1_, contactdat1_.work as work10_1_1_ from address_in_groups contacts0_ inner join addressbook contactdat1_ on contacts0_.id=contactdat1_.id where contacts0_.group_id=?
Hibernate: select contacts0_.group_id as group_id2_0_0_, contacts0_.id as id1_0_0_, contactdat1_.id as id1_1_1_, contactdat1_.address as address2_1_1_, contactdat1_.email as email3_1_1_, contactdat1_.firstname as firstnam4_1_1_, contactdat1_.home as home5_1_1_, contactdat1_.lastname as lastname6_1_1_, contactdat1_.email2 as email7_1_1_, contactdat1_.mobile as mobile8_1_1_, contactdat1_.email3 as email9_1_1_, contactdat1_.work as work10_1_1_ from address_in_groups contacts0_ inner join addressbook contactdat1_ on contacts0_.id=contactdat1_.id where contacts0_.group_id=?
Hibernate: select contacts0_.group_id as group_id2_0_0_, contacts0_.id as id1_0_0_, contactdat1_.id as id1_1_1_, contactdat1_.address as address2_1_1_, contactdat1_.email as email3_1_1_, contactdat1_.firstname as firstnam4_1_1_, contactdat1_.home as home5_1_1_, contactdat1_.lastname as lastname6_1_1_, contactdat1_.email2 as email7_1_1_, contactdat1_.mobile as mobile8_1_1_, contactdat1_.email3 as email9_1_1_, contactdat1_.work as work10_1_1_ from address_in_groups contacts0_ inner join addressbook contactdat1_ on contacts0_.id=contactdat1_.id where contacts0_.group_id=?
Hibernate: select contacts0_.group_id as group_id2_0_0_, contacts0_.id as id1_0_0_, contactdat1_.id as id1_1_1_, contactdat1_.address as address2_1_1_, contactdat1_.email as email3_1_1_, contactdat1_.firstname as firstnam4_1_1_, contactdat1_.home as home5_1_1_, contactdat1_.lastname as lastname6_1_1_, contactdat1_.email2 as email7_1_1_, contactdat1_.mobile as mobile8_1_1_, contactdat1_.email3 as email9_1_1_, contactdat1_.work as work10_1_1_ from address_in_groups contacts0_ inner join addressbook contactdat1_ on contacts0_.id=contactdat1_.id where contacts0_.group_id=?
Hibernate: select contacts0_.group_id as group_id2_0_0_, contacts0_.id as id1_0_0_, contactdat1_.id as id1_1_1_, contactdat1_.address as address2_1_1_, contactdat1_.email as email3_1_1_, contactdat1_.firstname as firstnam4_1_1_, contactdat1_.home as home5_1_1_, contactdat1_.lastname as lastname6_1_1_, contactdat1_.email2 as email7_1_1_, contactdat1_.mobile as mobile8_1_1_, contactdat1_.email3 as email9_1_1_, contactdat1_.work as work10_1_1_ from address_in_groups contacts0_ inner join addressbook contactdat1_ on contacts0_.id=contactdat1_.id where contacts0_.group_id=?
Hibernate: select contacts0_.group_id as group_id2_0_0_, contacts0_.id as id1_0_0_, contactdat1_.id as id1_1_1_, contactdat1_.address as address2_1_1_, contactdat1_.email as email3_1_1_, contactdat1_.firstname as firstnam4_1_1_, contactdat1_.home as home5_1_1_, contactdat1_.lastname as lastname6_1_1_, contactdat1_.email2 as email7_1_1_, contactdat1_.mobile as mobile8_1_1_, contactdat1_.email3 as email9_1_1_, contactdat1_.work as work10_1_1_ from address_in_groups contacts0_ inner join addressbook contactdat1_ on contacts0_.id=contactdat1_.id where contacts0_.group_id=?
Hibernate: select contacts0_.group_id as group_id2_0_0_, contacts0_.id as id1_0_0_, contactdat1_.id as id1_1_1_, contactdat1_.address as address2_1_1_, contactdat1_.email as email3_1_1_, contactdat1_.firstname as firstnam4_1_1_, contactdat1_.home as home5_1_1_, contactdat1_.lastname as lastname6_1_1_, contactdat1_.email2 as email7_1_1_, contactdat1_.mobile as mobile8_1_1_, contactdat1_.email3 as email9_1_1_, contactdat1_.work as work10_1_1_ from address_in_groups contacts0_ inner join addressbook contactdat1_ on contacts0_.id=contactdat1_.id where contacts0_.group_id=?
Hibernate: select contacts0_.group_id as group_id2_0_0_, contacts0_.id as id1_0_0_, contactdat1_.id as id1_1_1_, contactdat1_.address as address2_1_1_, contactdat1_.email as email3_1_1_, contactdat1_.firstname as firstnam4_1_1_, contactdat1_.home as home5_1_1_, contactdat1_.lastname as lastname6_1_1_, contactdat1_.email2 as email7_1_1_, contactdat1_.mobile as mobile8_1_1_, contactdat1_.email3 as email9_1_1_, contactdat1_.work as work10_1_1_ from address_in_groups contacts0_ inner join addressbook contactdat1_ on contacts0_.id=contactdat1_.id where contacts0_.group_id=?
Hibernate: select contacts0_.group_id as group_id2_0_0_, contacts0_.id as id1_0_0_, contactdat1_.id as id1_1_1_, contactdat1_.address as address2_1_1_, contactdat1_.email as email3_1_1_, contactdat1_.firstname as firstnam4_1_1_, contactdat1_.home as home5_1_1_, contactdat1_.lastname as lastname6_1_1_, contactdat1_.email2 as email7_1_1_, contactdat1_.mobile as mobile8_1_1_, contactdat1_.email3 as email9_1_1_, contactdat1_.work as work10_1_1_ from address_in_groups contacts0_ inner join addressbook contactdat1_ on contacts0_.id=contactdat1_.id where contacts0_.group_id=?
Hibernate: select contacts0_.group_id as group_id2_0_0_, contacts0_.id as id1_0_0_, contactdat1_.id as id1_1_1_, contactdat1_.address as address2_1_1_, contactdat1_.email as email3_1_1_, contactdat1_.firstname as firstnam4_1_1_, contactdat1_.home as home5_1_1_, contactdat1_.lastname as lastname6_1_1_, contactdat1_.email2 as email7_1_1_, contactdat1_.mobile as mobile8_1_1_, contactdat1_.email3 as email9_1_1_, contactdat1_.work as work10_1_1_ from address_in_groups contacts0_ inner join addressbook contactdat1_ on contacts0_.id=contactdat1_.id where contacts0_.group_id=?
Hibernate: select contacts0_.group_id as group_id2_0_0_, contacts0_.id as id1_0_0_, contactdat1_.id as id1_1_1_, contactdat1_.address as address2_1_1_, contactdat1_.email as email3_1_1_, contactdat1_.firstname as firstnam4_1_1_, contactdat1_.home as home5_1_1_, contactdat1_.lastname as lastname6_1_1_, contactdat1_.email2 as email7_1_1_, contactdat1_.mobile as mobile8_1_1_, contactdat1_.email3 as email9_1_1_, contactdat1_.work as work10_1_1_ from address_in_groups contacts0_ inner join addressbook contactdat1_ on contacts0_.id=contactdat1_.id where contacts0_.group_id=?
Hibernate: select contacts0_.group_id as group_id2_0_0_, contacts0_.id as id1_0_0_, contactdat1_.id as id1_1_1_, contactdat1_.address as address2_1_1_, contactdat1_.email as email3_1_1_, contactdat1_.firstname as firstnam4_1_1_, contactdat1_.home as home5_1_1_, contactdat1_.lastname as lastname6_1_1_, contactdat1_.email2 as email7_1_1_, contactdat1_.mobile as mobile8_1_1_, contactdat1_.email3 as email9_1_1_, contactdat1_.work as work10_1_1_ from address_in_groups contacts0_ inner join addressbook contactdat1_ on contacts0_.id=contactdat1_.id where contacts0_.group_id=?
Hibernate: select contacts0_.group_id as group_id2_0_0_, contacts0_.id as id1_0_0_, contactdat1_.id as id1_1_1_, contactdat1_.address as address2_1_1_, contactdat1_.email as email3_1_1_, contactdat1_.firstname as firstnam4_1_1_, contactdat1_.home as home5_1_1_, contactdat1_.lastname as lastname6_1_1_, contactdat1_.email2 as email7_1_1_, contactdat1_.mobile as mobile8_1_1_, contactdat1_.email3 as email9_1_1_, contactdat1_.work as work10_1_1_ from address_in_groups contacts0_ inner join addressbook contactdat1_ on contacts0_.id=contactdat1_.id where contacts0_.group_id=?
Hibernate: select contacts0_.group_id as group_id2_0_0_, contacts0_.id as id1_0_0_, contactdat1_.id as id1_1_1_, contactdat1_.address as address2_1_1_, contactdat1_.email as email3_1_1_, contactdat1_.firstname as firstnam4_1_1_, contactdat1_.home as home5_1_1_, contactdat1_.lastname as lastname6_1_1_, contactdat1_.email2 as email7_1_1_, contactdat1_.mobile as mobile8_1_1_, contactdat1_.email3 as email9_1_1_, contactdat1_.work as work10_1_1_ from address_in_groups contacts0_ inner join addressbook contactdat1_ on contacts0_.id=contactdat1_.id where contacts0_.group_id=?
Hibernate: select groups0_.id as id1_0_0_, groups0_.group_id as group_id2_0_0_, groupdata1_.group_id as group_id1_2_1_, groupdata1_.group_footer as group_fo2_2_1_, groupdata1_.group_header as group_he3_2_1_, groupdata1_.group_name as group_na4_2_1_ from address_in_groups groups0_ inner join group_list groupdata1_ on groups0_.group_id=groupdata1_.group_id where groups0_.id=?
Hibernate: select contacts0_.group_id as group_id2_0_0_, contacts0_.id as id1_0_0_, contactdat1_.id as id1_1_1_, contactdat1_.address as address2_1_1_, contactdat1_.email as email3_1_1_, contactdat1_.firstname as firstnam4_1_1_, contactdat1_.home as home5_1_1_, contactdat1_.lastname as lastname6_1_1_, contactdat1_.email2 as email7_1_1_, contactdat1_.mobile as mobile8_1_1_, contactdat1_.email3 as email9_1_1_, contactdat1_.work as work10_1_1_ from address_in_groups contacts0_ inner join addressbook contactdat1_ on contacts0_.id=contactdat1_.id where contacts0_.group_id=?
Hibernate: select contacts0_.group_id as group_id2_0_0_, contacts0_.id as id1_0_0_, contactdat1_.id as id1_1_1_, contactdat1_.address as address2_1_1_, contactdat1_.email as email3_1_1_, contactdat1_.firstname as firstnam4_1_1_, contactdat1_.home as home5_1_1_, contactdat1_.lastname as lastname6_1_1_, contactdat1_.email2 as email7_1_1_, contactdat1_.mobile as mobile8_1_1_, contactdat1_.email3 as email9_1_1_, contactdat1_.work as work10_1_1_ from address_in_groups contacts0_ inner join addressbook contactdat1_ on contacts0_.id=contactdat1_.id where contacts0_.group_id=?
Hibernate: select contacts0_.group_id as group_id2_0_0_, contacts0_.id as id1_0_0_, contactdat1_.id as id1_1_1_, contactdat1_.address as address2_1_1_, contactdat1_.email as email3_1_1_, contactdat1_.firstname as firstnam4_1_1_, contactdat1_.home as home5_1_1_, contactdat1_.lastname as lastname6_1_1_, contactdat1_.email2 as email7_1_1_, contactdat1_.mobile as mobile8_1_1_, contactdat1_.email3 as email9_1_1_, contactdat1_.work as work10_1_1_ from address_in_groups contacts0_ inner join addressbook contactdat1_ on contacts0_.id=contactdat1_.id where contacts0_.group_id=?
Hibernate: select contacts0_.group_id as group_id2_0_0_, contacts0_.id as id1_0_0_, contactdat1_.id as id1_1_1_, contactdat1_.address as address2_1_1_, contactdat1_.email as email3_1_1_, contactdat1_.firstname as firstnam4_1_1_, contactdat1_.home as home5_1_1_, contactdat1_.lastname as lastname6_1_1_, contactdat1_.email2 as email7_1_1_, contactdat1_.mobile as mobile8_1_1_, contactdat1_.email3 as email9_1_1_, contactdat1_.work as work10_1_1_ from address_in_groups contacts0_ inner join addressbook contactdat1_ on contacts0_.id=contactdat1_.id where contacts0_.group_id=?
Hibernate: select contacts0_.group_id as group_id2_0_0_, contacts0_.id as id1_0_0_, contactdat1_.id as id1_1_1_, contactdat1_.address as address2_1_1_, contactdat1_.email as email3_1_1_, contactdat1_.firstname as firstnam4_1_1_, contactdat1_.home as home5_1_1_, contactdat1_.lastname as lastname6_1_1_, contactdat1_.email2 as email7_1_1_, contactdat1_.mobile as mobile8_1_1_, contactdat1_.email3 as email9_1_1_, contactdat1_.work as work10_1_1_ from address_in_groups contacts0_ inner join addressbook contactdat1_ on contacts0_.id=contactdat1_.id where contacts0_.group_id=?
Hibernate: select contacts0_.group_id as group_id2_0_0_, contacts0_.id as id1_0_0_, contactdat1_.id as id1_1_1_, contactdat1_.address as address2_1_1_, contactdat1_.email as email3_1_1_, contactdat1_.firstname as firstnam4_1_1_, contactdat1_.home as home5_1_1_, contactdat1_.lastname as lastname6_1_1_, contactdat1_.email2 as email7_1_1_, contactdat1_.mobile as mobile8_1_1_, contactdat1_.email3 as email9_1_1_, contactdat1_.work as work10_1_1_ from address_in_groups contacts0_ inner join addressbook contactdat1_ on contacts0_.id=contactdat1_.id where contacts0_.group_id=?
Hibernate: select contacts0_.group_id as group_id2_0_0_, contacts0_.id as id1_0_0_, contactdat1_.id as id1_1_1_, contactdat1_.address as address2_1_1_, contactdat1_.email as email3_1_1_, contactdat1_.firstname as firstnam4_1_1_, contactdat1_.home as home5_1_1_, contactdat1_.lastname as lastname6_1_1_, contactdat1_.email2 as email7_1_1_, contactdat1_.mobile as mobile8_1_1_, contactdat1_.email3 as email9_1_1_, contactdat1_.work as work10_1_1_ from address_in_groups contacts0_ inner join addressbook contactdat1_ on contacts0_.id=contactdat1_.id where contacts0_.group_id=?
Hibernate: select contacts0_.group_id as group_id2_0_0_, contacts0_.id as id1_0_0_, contactdat1_.id as id1_1_1_, contactdat1_.address as address2_1_1_, contactdat1_.email as email3_1_1_, contactdat1_.firstname as firstnam4_1_1_, contactdat1_.home as home5_1_1_, contactdat1_.lastname as lastname6_1_1_, contactdat1_.email2 as email7_1_1_, contactdat1_.mobile as mobile8_1_1_, contactdat1_.email3 as email9_1_1_, contactdat1_.work as work10_1_1_ from address_in_groups contacts0_ inner join addressbook contactdat1_ on contacts0_.id=contactdat1_.id where contacts0_.group_id=?
Hibernate: select groups0_.id as id1_0_0_, groups0_.group_id as group_id2_0_0_, groupdata1_.group_id as group_id1_2_1_, groupdata1_.group_footer as group_fo2_2_1_, groupdata1_.group_header as group_he3_2_1_, groupdata1_.group_name as group_na4_2_1_ from address_in_groups groups0_ inner join group_list groupdata1_ on groups0_.group_id=groupdata1_.group_id where groups0_.id=?
GroupData{id='222', name='test 3'}
GroupData{id='223', name='test 4'}
GroupData{id='225', name='test1'}
GroupData{id='226', name='test1'}
GroupData{id='227', name='test1'}
GroupData{id='228', name='test1'}
GroupData{id='229', name='test 0'}
GroupData{id='230', name='test 1'}
GroupData{id='231', name='test1'}
GroupData{id='232', name='test 3'}
GroupData{id='235', name='test1'}
GroupData{id='236', name='test 2'}
GroupData{id='237', name='test 3'}
GroupData{id='238', name='test 4'}
GroupData{id='239', name='test1'}
GroupData{id='241', name='test1'}
GroupData{id='243', name='test1'}
GroupData{id='244', name='test 0'}
GroupData{id='245', name='test 1'}
GroupData{id='246', name='test 2'}
GroupData{id='247', name='test 3'}
GroupData{id='248', name='test 4'}
GroupData{id='249', name='test 0'}
GroupData{id='250', name='test 1'}
GroupData{id='251', name='test 2'}
GroupData{id='252', name='test 3'}
GroupData{id='253', name='test 4'}
GroupData{id='254', name='test1'}
GroupData{id='255', name='test 1'}
GroupData{id='256', name='test 2'}
GroupData{id='257', name='test 3'}
GroupData{id='259', name='test 0'}
GroupData{id='260', name='test 1'}
GroupData{id='261', name='test 2'}
GroupData{id='262', name='test 3'}
GroupData{id='263', name='test 4'}
17:15:53.325 [Test worker] INFO  r.s.p.a.tests.GroupCreationTests - Stop test testGroupCreation with parametrs [GroupData{id='263', name='test 4'}]
]]></system-out>
  <system-err><![CDATA[]]></system-err>
</testsuite>
